!SESSION 2018-09-04 14:06:58.454 -----------------------------------------------
eclipse.buildId=4.5.0.I20150603-2000
java.version=1.8.0_91
java.vendor=Oracle Corporation
BootLoader constants: OS=win32, ARCH=x86_64, WS=win32, NL=de_DE
Framework arguments:  -product org.eclipse.epp.package.java.product -product org.eclipse.epp.package.java.product
Command-line arguments:  -os win32 -ws win32 -arch x86_64 -product org.eclipse.epp.package.java.product -data C:\omaTimer -product org.eclipse.epp.package.java.product

!ENTRY org.eclipse.egit.ui 2 0 2018-09-04 14:07:43.992
!MESSAGE Warning: The environment variable HOME is not set. The following directory will be used to store the Git
user global configuration and to define the default location to store repositories: 'C:\Users\Xnartharax'. If this is
not correct please set the HOME environment variable and restart Eclipse. Otherwise Git for Windows and
EGit might behave differently since they see different configuration options.
This warning can be switched off on the Team > Git > Confirmations and Warnings preference page.

!ENTRY org.python.pydev.shared_core 4 4 2018-09-04 14:09:52.922
!MESSAGE The stored version is invalid (ironpython interpreter). Setting default.
!STACK 0
java.lang.RuntimeException: The stored version is invalid (ironpython interpreter). Setting default.
	at org.python.pydev.core.log.Log.log(Log.java:54)
	at org.python.pydev.plugin.nature.PythonNature.getVersionAndError(PythonNature.java:836)
	at org.python.pydev.plugin.nature.PythonNature.getVersion(PythonNature.java:824)
	at org.python.pydev.plugin.nature.PythonNature.getInterpreterType(PythonNature.java:938)
	at org.python.pydev.plugin.nature.PythonNature.getRelatedInterpreterManager(PythonNature.java:1006)
	at org.python.pydev.plugin.nature.PythonNature.getProjectInterpreter(PythonNature.java:1212)
	at org.python.pydev.plugin.nature.PythonPathNature.getVariableSubstitution(PythonPathNature.java:521)
	at org.python.pydev.plugin.nature.PythonPathNature.getVariableSubstitution(PythonPathNature.java:504)
	at org.python.pydev.core.docutils.StringSubstitution.<init>(StringSubstitution.java:42)
	at org.python.pydev.plugin.nature.PythonPathNature.getOnlyProjectPythonPathStr(PythonPathNature.java:167)
	at org.python.pydev.plugin.nature.PythonNature$RebuildPythonNatureModules.run(PythonNature.java:135)
	at org.eclipse.core.internal.jobs.Worker.run(Worker.java:55)

!ENTRY org.python.pydev.shared_core 4 4 2018-09-04 14:09:52.940
!MESSAGE Python not configured.
!STACK 0
org.python.pydev.core.NotConfiguredInterpreterException: Python not configured.
	at org.python.pydev.ui.interpreters.AbstractInterpreterManager.getDefaultInterpreterInfo(AbstractInterpreterManager.java:250)
	at org.python.pydev.plugin.nature.PythonNature.getProjectInterpreter(PythonNature.java:1222)
	at org.python.pydev.plugin.nature.PythonPathNature.getVariableSubstitution(PythonPathNature.java:521)
	at org.python.pydev.plugin.nature.PythonPathNature.getVariableSubstitution(PythonPathNature.java:504)
	at org.python.pydev.core.docutils.StringSubstitution.<init>(StringSubstitution.java:42)
	at org.python.pydev.plugin.nature.PythonPathNature.getOnlyProjectPythonPathStr(PythonPathNature.java:167)
	at org.python.pydev.plugin.nature.PythonNature$RebuildPythonNatureModules.run(PythonNature.java:135)
	at org.eclipse.core.internal.jobs.Worker.run(Worker.java:55)

!ENTRY org.python.pydev.shared_core 4 4 2018-09-04 14:09:53.079
!MESSAGE Info: Rebuilding internal caches: C:\omaTimer\.metadata\.plugins\org.eclipse.core.resources\.projects\OmaTimer\com.python.pydev.analysis\AdditionalProjectInterpreterInfo.pydevinfo (Expected error to be provided and got no error!)

!ENTRY org.python.pydev.shared_core 1 1 2018-09-04 14:12:14.214
!MESSAGE Information about process of adding new interpreter:
- Opening dialog to request executable (or jar).
- Chosen interpreter (name and file):'Tuple [python3 -- C:\Users\Xnartharax\AppData\Local\Programs\Python\Python37-32\python.exe]
- Ok, file is non-null. Getting info on:C:\Users\Xnartharax\AppData\Local\Programs\Python\Python37-32\python.exe
- Beggining task:Getting libs totalWork:100
- Setting task name:Mounting executable string...
- Setting task name:Executing:  C:\Users\Xnartharax\AppData\Local\Programs\Python\Python37-32\python.exe -u C:\Users\Xnartharax\.eclipse\org.eclipse.platform_4.5.0_1709980481_win32_win32_x86_64\plugins\org.python.pydev_5.0.0.201605051159\pysrc\interpreterInfo.py
- Setting task name:Making pythonpath environment... C:\Users\Xnartharax\AppData\Local\Programs\Python\Python37-32\python.exe -u C:\Users\Xnartharax\.eclipse\org.eclipse.platform_4.5.0_1709980481_win32_win32_x86_64\plugins\org.python.pydev_5.0.0.201605051159\pysrc\interpreterInfo.py
- Setting task name:Making exec... C:\Users\Xnartharax\AppData\Local\Programs\Python\Python37-32\python.exe -u C:\Users\Xnartharax\.eclipse\org.eclipse.platform_4.5.0_1709980481_win32_win32_x86_64\plugins\org.python.pydev_5.0.0.201605051159\pysrc\interpreterInfo.py
- Setting task name:Reading output...
- Setting task name:Waiting for process to finish.
- Success getting the info. Result:<xml>
<name>python3</name>
<version>3.7</version>
<executable>C:\Users\Xnartharax\AppData\Local\Programs\Python\Python37-32\python.exe</executable>
<lib>C:\Users\Xnartharax\AppData\Local\Programs\Python\Python37-32\DLLs</lib>
<lib>C:\Users\Xnartharax\AppData\Local\Programs\Python\Python37-32\lib</lib>
<lib>C:\Users\Xnartharax\AppData\Local\Programs\Python\Python37-32</lib>
<lib>C:\Users\Xnartharax\AppData\Local\Programs\Python\Python37-32\lib\site-packages</lib>
<forced_lib>Image</forced_lib>
<forced_lib>OpenGL</forced_lib>
<forced_lib>_abc</forced_lib>
<forced_lib>_ast</forced_lib>
<forced_lib>_bisect</forced_lib>
<forced_lib>_blake2</forced_lib>
<forced_lib>_bytesio</forced_lib>
<forced_lib>_codecs</forced_lib>
<forced_lib>_codecs_cn</forced_lib>
<forced_lib>_codecs_hk</forced_lib>
<forced_lib>_codecs_iso2022</forced_lib>
<forced_lib>_codecs_jp</forced_lib>
<forced_lib>_codecs_kr</forced_lib>
<forced_lib>_codecs_tw</forced_lib>
<forced_lib>_collections</forced_lib>
<forced_lib>_csv</forced_lib>
<forced_lib>_datetime</forced_lib>
<forced_lib>_fileio</forced_lib>
<forced_lib>_functools</forced_lib>
<forced_lib>_heapq</forced_lib>
<forced_lib>_hotshot</forced_lib>
<forced_lib>_imp</forced_lib>
<forced_lib>_io</forced_lib>
<forced_lib>_json</forced_lib>
<forced_lib>_locale</forced_lib>
<forced_lib>_lsprof</forced_lib>
<forced_lib>_md5</forced_lib>
<forced_lib>_multibytecodec</forced_lib>
<forced_lib>_opcode</forced_lib>
<forced_lib>_operator</forced_lib>
<forced_lib>_pickle</forced_lib>
<forced_lib>_random</forced_lib>
<forced_lib>_sha</forced_lib>
<forced_lib>_sha1</forced_lib>
<forced_lib>_sha256</forced_lib>
<forced_lib>_sha3</forced_lib>
<forced_lib>_sha512</forced_lib>
<forced_lib>_signal</forced_lib>
<forced_lib>_sre</forced_lib>
<forced_lib>_stat</forced_lib>
<forced_lib>_string</forced_lib>
<forced_lib>_struct</forced_lib>
<forced_lib>_subprocess</forced_lib>
<forced_lib>_symtable</forced_lib>
<forced_lib>_thread</forced_lib>
<forced_lib>_tracemalloc</forced_lib>
<forced_lib>_warnings</forced_lib>
<forced_lib>_weakref</forced_lib>
<forced_lib>_winapi</forced_lib>
<forced_lib>_winreg</forced_lib>
<forced_lib>array</forced_lib>
<forced_lib>atexit</forced_lib>
<forced_lib>audioop</forced_lib>
<forced_lib>binascii</forced_lib>
<forced_lib>builtins</forced_lib>
<forced_lib>cPickle</forced_lib>
<forced_lib>cStringIO</forced_lib>
<forced_lib>cmath</forced_lib>
<forced_lib>datetime</forced_lib>
<forced_lib>email</forced_lib>
<forced_lib>errno</forced_lib>
<forced_lib>exceptions</forced_lib>
<forced_lib>faulthandler</forced_lib>
<forced_lib>future_builtins</forced_lib>
<forced_lib>gc</forced_lib>
<forced_lib>gi</forced_lib>
<forced_lib>hashlib</forced_lib>
<forced_lib>imageop</forced_lib>
<forced_lib>imp</forced_lib>
<forced_lib>itertools</forced_lib>
<forced_lib>marshal</forced_lib>
<forced_lib>math</forced_lib>
<forced_lib>mmap</forced_lib>
<forced_lib>msvcrt</forced_lib>
<forced_lib>multiprocessing</forced_lib>
<forced_lib>nt</forced_lib>
<forced_lib>numpy</forced_lib>
<forced_lib>operator</forced_lib>
<forced_lib>os</forced_lib>
<forced_lib>os.path</forced_lib>
<forced_lib>parser</forced_lib>
<forced_lib>pytest</forced_lib>
<forced_lib>scipy</forced_lib>
<forced_lib>signal</forced_lib>
<forced_lib>socket</forced_lib>
<forced_lib>strop</forced_lib>
<forced_lib>sys</forced_lib>
<forced_lib>thread</forced_lib>
<forced_lib>time</forced_lib>
<forced_lib>winreg</forced_lib>
<forced_lib>wx</forced_lib>
<forced_lib>wxPython</forced_lib>
<forced_lib>xxsubtype</forced_lib>
<forced_lib>zipimport</forced_lib>
<forced_lib>zlib</forced_lib>
</xml>

!STACK 0
java.lang.RuntimeException: Information about process of adding new interpreter:
- Opening dialog to request executable (or jar).
- Chosen interpreter (name and file):'Tuple [python3 -- C:\Users\Xnartharax\AppData\Local\Programs\Python\Python37-32\python.exe]
- Ok, file is non-null. Getting info on:C:\Users\Xnartharax\AppData\Local\Programs\Python\Python37-32\python.exe
- Beggining task:Getting libs totalWork:100
- Setting task name:Mounting executable string...
- Setting task name:Executing:  C:\Users\Xnartharax\AppData\Local\Programs\Python\Python37-32\python.exe -u C:\Users\Xnartharax\.eclipse\org.eclipse.platform_4.5.0_1709980481_win32_win32_x86_64\plugins\org.python.pydev_5.0.0.201605051159\pysrc\interpreterInfo.py
- Setting task name:Making pythonpath environment... C:\Users\Xnartharax\AppData\Local\Programs\Python\Python37-32\python.exe -u C:\Users\Xnartharax\.eclipse\org.eclipse.platform_4.5.0_1709980481_win32_win32_x86_64\plugins\org.python.pydev_5.0.0.201605051159\pysrc\interpreterInfo.py
- Setting task name:Making exec... C:\Users\Xnartharax\AppData\Local\Programs\Python\Python37-32\python.exe -u C:\Users\Xnartharax\.eclipse\org.eclipse.platform_4.5.0_1709980481_win32_win32_x86_64\plugins\org.python.pydev_5.0.0.201605051159\pysrc\interpreterInfo.py
- Setting task name:Reading output...
- Setting task name:Waiting for process to finish.
- Success getting the info. Result:<xml>
<name>python3</name>
<version>3.7</version>
<executable>C:\Users\Xnartharax\AppData\Local\Programs\Python\Python37-32\python.exe</executable>
<lib>C:\Users\Xnartharax\AppData\Local\Programs\Python\Python37-32\DLLs</lib>
<lib>C:\Users\Xnartharax\AppData\Local\Programs\Python\Python37-32\lib</lib>
<lib>C:\Users\Xnartharax\AppData\Local\Programs\Python\Python37-32</lib>
<lib>C:\Users\Xnartharax\AppData\Local\Programs\Python\Python37-32\lib\site-packages</lib>
<forced_lib>Image</forced_lib>
<forced_lib>OpenGL</forced_lib>
<forced_lib>_abc</forced_lib>
<forced_lib>_ast</forced_lib>
<forced_lib>_bisect</forced_lib>
<forced_lib>_blake2</forced_lib>
<forced_lib>_bytesio</forced_lib>
<forced_lib>_codecs</forced_lib>
<forced_lib>_codecs_cn</forced_lib>
<forced_lib>_codecs_hk</forced_lib>
<forced_lib>_codecs_iso2022</forced_lib>
<forced_lib>_codecs_jp</forced_lib>
<forced_lib>_codecs_kr</forced_lib>
<forced_lib>_codecs_tw</forced_lib>
<forced_lib>_collections</forced_lib>
<forced_lib>_csv</forced_lib>
<forced_lib>_datetime</forced_lib>
<forced_lib>_fileio</forced_lib>
<forced_lib>_functools</forced_lib>
<forced_lib>_heapq</forced_lib>
<forced_lib>_hotshot</forced_lib>
<forced_lib>_imp</forced_lib>
<forced_lib>_io</forced_lib>
<forced_lib>_json</forced_lib>
<forced_lib>_locale</forced_lib>
<forced_lib>_lsprof</forced_lib>
<forced_lib>_md5</forced_lib>
<forced_lib>_multibytecodec</forced_lib>
<forced_lib>_opcode</forced_lib>
<forced_lib>_operator</forced_lib>
<forced_lib>_pickle</forced_lib>
<forced_lib>_random</forced_lib>
<forced_lib>_sha</forced_lib>
<forced_lib>_sha1</forced_lib>
<forced_lib>_sha256</forced_lib>
<forced_lib>_sha3</forced_lib>
<forced_lib>_sha512</forced_lib>
<forced_lib>_signal</forced_lib>
<forced_lib>_sre</forced_lib>
<forced_lib>_stat</forced_lib>
<forced_lib>_string</forced_lib>
<forced_lib>_struct</forced_lib>
<forced_lib>_subprocess</forced_lib>
<forced_lib>_symtable</forced_lib>
<forced_lib>_thread</forced_lib>
<forced_lib>_tracemalloc</forced_lib>
<forced_lib>_warnings</forced_lib>
<forced_lib>_weakref</forced_lib>
<forced_lib>_winapi</forced_lib>
<forced_lib>_winreg</forced_lib>
<forced_lib>array</forced_lib>
<forced_lib>atexit</forced_lib>
<forced_lib>audioop</forced_lib>
<forced_lib>binascii</forced_lib>
<forced_lib>builtins</forced_lib>
<forced_lib>cPickle</forced_lib>
<forced_lib>cStringIO</forced_lib>
<forced_lib>cmath</forced_lib>
<forced_lib>datetime</forced_lib>
<forced_lib>email</forced_lib>
<forced_lib>errno</forced_lib>
<forced_lib>exceptions</forced_lib>
<forced_lib>faulthandler</forced_lib>
<forced_lib>future_builtins</forced_lib>
<forced_lib>gc</forced_lib>
<forced_lib>gi</forced_lib>
<forced_lib>hashlib</forced_lib>
<forced_lib>imageop</forced_lib>
<forced_lib>imp</forced_lib>
<forced_lib>itertools</forced_lib>
<forced_lib>marshal</forced_lib>
<forced_lib>math</forced_lib>
<forced_lib>mmap</forced_lib>
<forced_lib>msvcrt</forced_lib>
<forced_lib>multiprocessing</forced_lib>
<forced_lib>nt</forced_lib>
<forced_lib>numpy</forced_lib>
<forced_lib>operator</forced_lib>
<forced_lib>os</forced_lib>
<forced_lib>os.path</forced_lib>
<forced_lib>parser</forced_lib>
<forced_lib>pytest</forced_lib>
<forced_lib>scipy</forced_lib>
<forced_lib>signal</forced_lib>
<forced_lib>socket</forced_lib>
<forced_lib>strop</forced_lib>
<forced_lib>sys</forced_lib>
<forced_lib>thread</forced_lib>
<forced_lib>time</forced_lib>
<forced_lib>winreg</forced_lib>
<forced_lib>wx</forced_lib>
<forced_lib>wxPython</forced_lib>
<forced_lib>xxsubtype</forced_lib>
<forced_lib>zipimport</forced_lib>
<forced_lib>zlib</forced_lib>
</xml>

	at org.python.pydev.core.log.Log.logInfo(Log.java:66)
	at org.python.pydev.ui.pythonpathconf.AbstractInterpreterEditor.getNewInputObject(AbstractInterpreterEditor.java:990)
	at org.python.copiedfromeclipsesrc.PythonListEditor.addPressed(PythonListEditor.java:132)
	at org.python.copiedfromeclipsesrc.PythonListEditor$1.widgetSelected(PythonListEditor.java:225)
	at org.eclipse.swt.widgets.TypedListener.handleEvent(TypedListener.java:248)
	at org.eclipse.swt.widgets.EventTable.sendEvent(EventTable.java:84)
	at org.eclipse.swt.widgets.Display.sendEvent(Display.java:4362)
	at org.eclipse.swt.widgets.Widget.sendEvent(Widget.java:1113)
	at org.eclipse.swt.widgets.Display.runDeferredEvents(Display.java:4180)
	at org.eclipse.swt.widgets.Display.readAndDispatch(Display.java:3769)
	at org.eclipse.jface.window.Window.runEventLoop(Window.java:827)
	at org.eclipse.jface.window.Window.open(Window.java:803)
	at org.eclipse.ui.internal.dialogs.WorkbenchPreferenceDialog.open(WorkbenchPreferenceDialog.java:211)
	at org.python.pydev.ui.interpreters.AbstractInterpreterManager$ConfigureInterpreterJob.runInUIThread(AbstractInterpreterManager.java:278)
	at org.eclipse.ui.progress.UIJob$1.run(UIJob.java:97)
	at org.eclipse.swt.widgets.RunnableLock.run(RunnableLock.java:35)
	at org.eclipse.swt.widgets.Synchronizer.runAsyncMessages(Synchronizer.java:135)
	at org.eclipse.swt.widgets.Display.runAsyncMessages(Display.java:4155)
	at org.eclipse.swt.widgets.Display.readAndDispatch(Display.java:3772)
	at org.eclipse.e4.ui.internal.workbench.swt.PartRenderingEngine$4.run(PartRenderingEngine.java:1127)
	at org.eclipse.core.databinding.observable.Realm.runWithDefault(Realm.java:337)
	at org.eclipse.e4.ui.internal.workbench.swt.PartRenderingEngine.run(PartRenderingEngine.java:1018)
	at org.eclipse.e4.ui.internal.workbench.E4Workbench.createAndRunUI(E4Workbench.java:156)
	at org.eclipse.ui.internal.Workbench$5.run(Workbench.java:654)
	at org.eclipse.core.databinding.observable.Realm.runWithDefault(Realm.java:337)
	at org.eclipse.ui.internal.Workbench.createAndRunWorkbench(Workbench.java:598)
	at org.eclipse.ui.PlatformUI.createAndRunWorkbench(PlatformUI.java:150)
	at org.eclipse.ui.internal.ide.application.IDEApplication.start(IDEApplication.java:139)
	at org.eclipse.equinox.internal.app.EclipseAppHandle.run(EclipseAppHandle.java:196)
	at org.eclipse.core.runtime.internal.adaptor.EclipseAppLauncher.runApplication(EclipseAppLauncher.java:134)
	at org.eclipse.core.runtime.internal.adaptor.EclipseAppLauncher.start(EclipseAppLauncher.java:104)
	at org.eclipse.core.runtime.adaptor.EclipseStarter.run(EclipseStarter.java:380)
	at org.eclipse.core.runtime.adaptor.EclipseStarter.run(EclipseStarter.java:235)
	at sun.reflect.NativeMethodAccessorImpl.invoke0(Native Method)
	at sun.reflect.NativeMethodAccessorImpl.invoke(Unknown Source)
	at sun.reflect.DelegatingMethodAccessorImpl.invoke(Unknown Source)
	at java.lang.reflect.Method.invoke(Unknown Source)
	at org.eclipse.equinox.launcher.Main.invokeFramework(Main.java:669)
	at org.eclipse.equinox.launcher.Main.basicRun(Main.java:608)
	at org.eclipse.equinox.launcher.Main.run(Main.java:1515)

!ENTRY org.python.pydev.shared_core 1 1 2018-09-04 14:12:15.864
!MESSAGE Restoring info for: C:\Users\Xnartharax\AppData\Local\Programs\Python\Python37-32\python.exe
!STACK 0
java.lang.RuntimeException: Restoring info for: C:\Users\Xnartharax\AppData\Local\Programs\Python\Python37-32\python.exe
	at org.python.pydev.ui.interpreters.AbstractInterpreterManager.getInterpretersFromPersistedString(AbstractInterpreterManager.java:529)
	at org.python.pydev.ui.interpreters.AbstractInterpreterManager.internalRecreateCacheGetInterpreterInfos(AbstractInterpreterManager.java:345)
	at org.python.pydev.ui.interpreters.AbstractInterpreterManager.setInfos(AbstractInterpreterManager.java:655)
	at org.python.pydev.ui.pythonpathconf.AbstractInterpreterPreferencesPage$5.run(AbstractInterpreterPreferencesPage.java:282)
	at org.eclipse.jface.operation.ModalContext$ModalContextThread.run(ModalContext.java:119)
Caused by: java.io.IOException: Expecting: C:\omaTimer\.metadata\.plugins\org.python.pydev\v1_bhszz2nmitwnhee4fsopbkiuv\modulesKeys to exist (and be a file).
	at org.python.pydev.editor.codecompletion.revisited.ModulesManager.loadFromFile(ModulesManager.java:293)
	at org.python.pydev.editor.codecompletion.revisited.SystemModulesManager.load(SystemModulesManager.java:386)
	at org.python.pydev.ui.interpreters.AbstractInterpreterManager.getInterpretersFromPersistedString(AbstractInterpreterManager.java:527)
	... 4 more

!ENTRY org.python.pydev.shared_core 1 1 2018-09-04 14:12:16.659
!MESSAGE Finished restoring information for: C:\Users\Xnartharax\AppData\Local\Programs\Python\Python37-32\python.exe at: C:\omaTimer\.metadata\.plugins\org.python.pydev\v1_bhszz2nmitwnhee4fsopbkiuv
!STACK 0
java.lang.RuntimeException: Finished restoring information for: C:\Users\Xnartharax\AppData\Local\Programs\Python\Python37-32\python.exe at: C:\omaTimer\.metadata\.plugins\org.python.pydev\v1_bhszz2nmitwnhee4fsopbkiuv
	at org.python.pydev.core.log.Log.logInfo(Log.java:66)
	at org.python.pydev.ui.interpreters.AbstractInterpreterManager.getInterpretersFromPersistedString(AbstractInterpreterManager.java:574)
	at org.python.pydev.ui.interpreters.AbstractInterpreterManager.internalRecreateCacheGetInterpreterInfos(AbstractInterpreterManager.java:345)
	at org.python.pydev.ui.interpreters.AbstractInterpreterManager.setInfos(AbstractInterpreterManager.java:655)
	at org.python.pydev.ui.pythonpathconf.AbstractInterpreterPreferencesPage$5.run(AbstractInterpreterPreferencesPage.java:282)
	at org.eclipse.jface.operation.ModalContext$ModalContextThread.run(ModalContext.java:119)

!ENTRY org.python.pydev.shared_core 4 4 2018-09-04 14:12:17.382
!MESSAGE Info: Rebuilding internal caches: C:\omaTimer\.metadata\.plugins\com.python.pydev.analysis\python_v1_bhszz2nmitwnhee4fsopbkiuv\python.pydevsysteminfo (Expected error to be provided and got no error!)

!ENTRY org.python.pydev.shared_core 4 4 2018-09-04 14:12:22.593
!MESSAGE Did not expect to find item below node: Assign[targets=[Attribute[value=Name[id=self, ctx=Load, reserved=false], attr=NameTok[id=hard_break, ctx=Attrib], ctx=Load], Attribute[value=Name[id=self, ctx=Load, reserved=false], attr=NameTok[id=nospace, ctx=Attrib], ctx=Load]], value=null] (module: formatter.py).
!STACK 0
java.lang.RuntimeException: Did not expect to find item below node: Assign[targets=[Attribute[value=Name[id=self, ctx=Load, reserved=false], attr=NameTok[id=hard_break, ctx=Attrib], ctx=Load], Attribute[value=Name[id=self, ctx=Load, reserved=false], attr=NameTok[id=nospace, ctx=Attrib], ctx=Load]], value=null] (module: formatter.py).
	at org.python.pydev.core.log.Log.log(Log.java:54)
	at org.python.pydev.parser.fastparser.FastDefinitionsParser.endScopesInStack(FastDefinitionsParser.java:589)
	at org.python.pydev.parser.fastparser.FastDefinitionsParser.handleNewLine(FastDefinitionsParser.java:380)
	at org.python.pydev.parser.fastparser.FastDefinitionsParser.extractBody(FastDefinitionsParser.java:249)
	at org.python.pydev.parser.fastparser.FastDefinitionsParser.parse(FastDefinitionsParser.java:676)
	at com.python.pydev.analysis.additionalinfo.AbstractAdditionalTokensInfo.addAstInfo(AbstractAdditionalTokensInfo.java:314)
	at com.python.pydev.analysis.additionalinfo.AbstractAdditionalInfoWithBuild.restoreInfoForModuleManager(AbstractAdditionalInfoWithBuild.java:264)
	at com.python.pydev.analysis.additionalinfo.AdditionalSystemInterpreterInfo.recreateAllInfo(AdditionalSystemInterpreterInfo.java:179)
	at com.python.pydev.analysis.additionalinfo.AdditionalSystemInterpreterInfo.getAdditionalSystemInfo(AdditionalSystemInterpreterInfo.java:155)
	at com.python.pydev.analysis.additionalinfo.AdditionalSystemInterpreterInfo.getAdditionalSystemInfo(AdditionalSystemInterpreterInfo.java:124)
	at com.python.pydev.analysis.additionalinfo.AdditionalSystemInterpreterInfo.recreateAllInfo(AdditionalSystemInterpreterInfo.java:171)
	at com.python.pydev.analysis.additionalinfo.builders.InterpreterObserver.notifyDefaultPythonpathRestored(InterpreterObserver.java:36)
	at org.python.pydev.ui.interpreters.AbstractInterpreterManager.restorePythopathForInterpreters(AbstractInterpreterManager.java:740)
	at org.python.pydev.ui.interpreters.AbstractInterpreterManager.setInfos(AbstractInterpreterManager.java:657)
	at org.python.pydev.ui.pythonpathconf.AbstractInterpreterPreferencesPage$5.run(AbstractInterpreterPreferencesPage.java:282)
	at org.eclipse.jface.operation.ModalContext$ModalContextThread.run(ModalContext.java:119)

!ENTRY org.python.pydev.shared_core 4 4 2018-09-04 14:12:22.602
!MESSAGE Did not expect to find item below node: Assign[targets=[Attribute[value=Name[id=self, ctx=Load, reserved=false], attr=NameTok[id=nospace, ctx=Attrib], ctx=Load], Attribute[value=Name[id=self, ctx=Load, reserved=false], attr=NameTok[id=para_end, ctx=Attrib], ctx=Load]], value=null] (module: formatter.py).
!STACK 0
java.lang.RuntimeException: Did not expect to find item below node: Assign[targets=[Attribute[value=Name[id=self, ctx=Load, reserved=false], attr=NameTok[id=nospace, ctx=Attrib], ctx=Load], Attribute[value=Name[id=self, ctx=Load, reserved=false], attr=NameTok[id=para_end, ctx=Attrib], ctx=Load]], value=null] (module: formatter.py).
	at org.python.pydev.core.log.Log.log(Log.java:54)
	at org.python.pydev.parser.fastparser.FastDefinitionsParser.endScopesInStack(FastDefinitionsParser.java:589)
	at org.python.pydev.parser.fastparser.FastDefinitionsParser.handleNewLine(FastDefinitionsParser.java:380)
	at org.python.pydev.parser.fastparser.FastDefinitionsParser.extractBody(FastDefinitionsParser.java:249)
	at org.python.pydev.parser.fastparser.FastDefinitionsParser.parse(FastDefinitionsParser.java:676)
	at com.python.pydev.analysis.additionalinfo.AbstractAdditionalTokensInfo.addAstInfo(AbstractAdditionalTokensInfo.java:314)
	at com.python.pydev.analysis.additionalinfo.AbstractAdditionalInfoWithBuild.restoreInfoForModuleManager(AbstractAdditionalInfoWithBuild.java:264)
	at com.python.pydev.analysis.additionalinfo.AdditionalSystemInterpreterInfo.recreateAllInfo(AdditionalSystemInterpreterInfo.java:179)
	at com.python.pydev.analysis.additionalinfo.AdditionalSystemInterpreterInfo.getAdditionalSystemInfo(AdditionalSystemInterpreterInfo.java:155)
	at com.python.pydev.analysis.additionalinfo.AdditionalSystemInterpreterInfo.getAdditionalSystemInfo(AdditionalSystemInterpreterInfo.java:124)
	at com.python.pydev.analysis.additionalinfo.AdditionalSystemInterpreterInfo.recreateAllInfo(AdditionalSystemInterpreterInfo.java:171)
	at com.python.pydev.analysis.additionalinfo.builders.InterpreterObserver.notifyDefaultPythonpathRestored(InterpreterObserver.java:36)
	at org.python.pydev.ui.interpreters.AbstractInterpreterManager.restorePythopathForInterpreters(AbstractInterpreterManager.java:740)
	at org.python.pydev.ui.interpreters.AbstractInterpreterManager.setInfos(AbstractInterpreterManager.java:657)
	at org.python.pydev.ui.pythonpathconf.AbstractInterpreterPreferencesPage$5.run(AbstractInterpreterPreferencesPage.java:282)
	at org.eclipse.jface.operation.ModalContext$ModalContextThread.run(ModalContext.java:119)

!ENTRY org.python.pydev.shared_core 4 4 2018-09-04 14:12:22.611
!MESSAGE Did not expect to find item below node: Assign[targets=[Attribute[value=Name[id=self, ctx=Load, reserved=false], attr=NameTok[id=hard_break, ctx=Attrib], ctx=Load], Attribute[value=Name[id=self, ctx=Load, reserved=false], attr=NameTok[id=para_end, ctx=Attrib], ctx=Load]], value=null] (module: formatter.py).
!STACK 0
java.lang.RuntimeException: Did not expect to find item below node: Assign[targets=[Attribute[value=Name[id=self, ctx=Load, reserved=false], attr=NameTok[id=hard_break, ctx=Attrib], ctx=Load], Attribute[value=Name[id=self, ctx=Load, reserved=false], attr=NameTok[id=para_end, ctx=Attrib], ctx=Load]], value=null] (module: formatter.py).
	at org.python.pydev.core.log.Log.log(Log.java:54)
	at org.python.pydev.parser.fastparser.FastDefinitionsParser.endScopesInStack(FastDefinitionsParser.java:589)
	at org.python.pydev.parser.fastparser.FastDefinitionsParser.handleNewLine(FastDefinitionsParser.java:380)
	at org.python.pydev.parser.fastparser.FastDefinitionsParser.extractBody(FastDefinitionsParser.java:249)
	at org.python.pydev.parser.fastparser.FastDefinitionsParser.parse(FastDefinitionsParser.java:676)
	at com.python.pydev.analysis.additionalinfo.AbstractAdditionalTokensInfo.addAstInfo(AbstractAdditionalTokensInfo.java:314)
	at com.python.pydev.analysis.additionalinfo.AbstractAdditionalInfoWithBuild.restoreInfoForModuleManager(AbstractAdditionalInfoWithBuild.java:264)
	at com.python.pydev.analysis.additionalinfo.AdditionalSystemInterpreterInfo.recreateAllInfo(AdditionalSystemInterpreterInfo.java:179)
	at com.python.pydev.analysis.additionalinfo.AdditionalSystemInterpreterInfo.getAdditionalSystemInfo(AdditionalSystemInterpreterInfo.java:155)
	at com.python.pydev.analysis.additionalinfo.AdditionalSystemInterpreterInfo.getAdditionalSystemInfo(AdditionalSystemInterpreterInfo.java:124)
	at com.python.pydev.analysis.additionalinfo.AdditionalSystemInterpreterInfo.recreateAllInfo(AdditionalSystemInterpreterInfo.java:171)
	at com.python.pydev.analysis.additionalinfo.builders.InterpreterObserver.notifyDefaultPythonpathRestored(InterpreterObserver.java:36)
	at org.python.pydev.ui.interpreters.AbstractInterpreterManager.restorePythopathForInterpreters(AbstractInterpreterManager.java:740)
	at org.python.pydev.ui.interpreters.AbstractInterpreterManager.setInfos(AbstractInterpreterManager.java:657)
	at org.python.pydev.ui.pythonpathconf.AbstractInterpreterPreferencesPage$5.run(AbstractInterpreterPreferencesPage.java:282)
	at org.eclipse.jface.operation.ModalContext$ModalContextThread.run(ModalContext.java:119)

!ENTRY org.python.pydev.shared_core 4 4 2018-09-04 14:12:25.130
!MESSAGE Did not expect to find item below node: Assign[targets=[Attribute[value=Name[id=self, ctx=Load, reserved=false], attr=NameTok[id=_weakref, ctx=Attrib], ctx=Load], Attribute[value=Name[id=self, ctx=Load, reserved=false], attr=NameTok[id=_callback, ctx=Attrib], ctx=Load]], value=null] (module: util.py).
!STACK 0
java.lang.RuntimeException: Did not expect to find item below node: Assign[targets=[Attribute[value=Name[id=self, ctx=Load, reserved=false], attr=NameTok[id=_weakref, ctx=Attrib], ctx=Load], Attribute[value=Name[id=self, ctx=Load, reserved=false], attr=NameTok[id=_callback, ctx=Attrib], ctx=Load]], value=null] (module: util.py).
	at org.python.pydev.core.log.Log.log(Log.java:54)
	at org.python.pydev.parser.fastparser.FastDefinitionsParser.endScopesInStack(FastDefinitionsParser.java:589)
	at org.python.pydev.parser.fastparser.FastDefinitionsParser.handleNewLine(FastDefinitionsParser.java:380)
	at org.python.pydev.parser.fastparser.FastDefinitionsParser.extractBody(FastDefinitionsParser.java:249)
	at org.python.pydev.parser.fastparser.FastDefinitionsParser.parse(FastDefinitionsParser.java:676)
	at com.python.pydev.analysis.additionalinfo.AbstractAdditionalTokensInfo.addAstInfo(AbstractAdditionalTokensInfo.java:314)
	at com.python.pydev.analysis.additionalinfo.AbstractAdditionalInfoWithBuild.restoreInfoForModuleManager(AbstractAdditionalInfoWithBuild.java:264)
	at com.python.pydev.analysis.additionalinfo.AdditionalSystemInterpreterInfo.recreateAllInfo(AdditionalSystemInterpreterInfo.java:179)
	at com.python.pydev.analysis.additionalinfo.AdditionalSystemInterpreterInfo.getAdditionalSystemInfo(AdditionalSystemInterpreterInfo.java:155)
	at com.python.pydev.analysis.additionalinfo.AdditionalSystemInterpreterInfo.getAdditionalSystemInfo(AdditionalSystemInterpreterInfo.java:124)
	at com.python.pydev.analysis.additionalinfo.AdditionalSystemInterpreterInfo.recreateAllInfo(AdditionalSystemInterpreterInfo.java:171)
	at com.python.pydev.analysis.additionalinfo.builders.InterpreterObserver.notifyDefaultPythonpathRestored(InterpreterObserver.java:36)
	at org.python.pydev.ui.interpreters.AbstractInterpreterManager.restorePythopathForInterpreters(AbstractInterpreterManager.java:740)
	at org.python.pydev.ui.interpreters.AbstractInterpreterManager.setInfos(AbstractInterpreterManager.java:657)
	at org.python.pydev.ui.pythonpathconf.AbstractInterpreterPreferencesPage$5.run(AbstractInterpreterPreferencesPage.java:282)
	at org.eclipse.jface.operation.ModalContext$ModalContextThread.run(ModalContext.java:119)

!ENTRY org.python.pydev.shared_core 4 4 2018-09-04 14:12:43.410
!MESSAGE Did not expect to find item below node: Assign[targets=[Attribute[value=Name[id=self, ctx=Load, reserved=false], attr=NameTok[id=hard_break, ctx=Attrib], ctx=Load], Attribute[value=Name[id=self, ctx=Load, reserved=false], attr=NameTok[id=nospace, ctx=Attrib], ctx=Load]], value=null] (module: formatter.py).
!STACK 0
java.lang.RuntimeException: Did not expect to find item below node: Assign[targets=[Attribute[value=Name[id=self, ctx=Load, reserved=false], attr=NameTok[id=hard_break, ctx=Attrib], ctx=Load], Attribute[value=Name[id=self, ctx=Load, reserved=false], attr=NameTok[id=nospace, ctx=Attrib], ctx=Load]], value=null] (module: formatter.py).
	at org.python.pydev.core.log.Log.log(Log.java:54)
	at org.python.pydev.parser.fastparser.FastDefinitionsParser.endScopesInStack(FastDefinitionsParser.java:589)
	at org.python.pydev.parser.fastparser.FastDefinitionsParser.handleNewLine(FastDefinitionsParser.java:380)
	at org.python.pydev.parser.fastparser.FastDefinitionsParser.extractBody(FastDefinitionsParser.java:249)
	at org.python.pydev.parser.fastparser.FastDefinitionsParser.parse(FastDefinitionsParser.java:676)
	at com.python.pydev.analysis.additionalinfo.AbstractAdditionalTokensInfo.addAstInfo(AbstractAdditionalTokensInfo.java:314)
	at com.python.pydev.analysis.additionalinfo.AbstractAdditionalInfoWithBuild.restoreInfoForModuleManager(AbstractAdditionalInfoWithBuild.java:264)
	at com.python.pydev.analysis.additionalinfo.AdditionalSystemInterpreterInfo.recreateAllInfo(AdditionalSystemInterpreterInfo.java:179)
	at com.python.pydev.analysis.additionalinfo.builders.InterpreterObserver.notifyDefaultPythonpathRestored(InterpreterObserver.java:36)
	at org.python.pydev.ui.interpreters.AbstractInterpreterManager.restorePythopathForInterpreters(AbstractInterpreterManager.java:740)
	at org.python.pydev.ui.interpreters.AbstractInterpreterManager.setInfos(AbstractInterpreterManager.java:657)
	at org.python.pydev.ui.pythonpathconf.AbstractInterpreterPreferencesPage$5.run(AbstractInterpreterPreferencesPage.java:282)
	at org.eclipse.jface.operation.ModalContext$ModalContextThread.run(ModalContext.java:119)

!ENTRY org.python.pydev.shared_core 4 4 2018-09-04 14:12:43.418
!MESSAGE Did not expect to find item below node: Assign[targets=[Attribute[value=Name[id=self, ctx=Load, reserved=false], attr=NameTok[id=nospace, ctx=Attrib], ctx=Load], Attribute[value=Name[id=self, ctx=Load, reserved=false], attr=NameTok[id=para_end, ctx=Attrib], ctx=Load]], value=null] (module: formatter.py).
!STACK 0
java.lang.RuntimeException: Did not expect to find item below node: Assign[targets=[Attribute[value=Name[id=self, ctx=Load, reserved=false], attr=NameTok[id=nospace, ctx=Attrib], ctx=Load], Attribute[value=Name[id=self, ctx=Load, reserved=false], attr=NameTok[id=para_end, ctx=Attrib], ctx=Load]], value=null] (module: formatter.py).
	at org.python.pydev.core.log.Log.log(Log.java:54)
	at org.python.pydev.parser.fastparser.FastDefinitionsParser.endScopesInStack(FastDefinitionsParser.java:589)
	at org.python.pydev.parser.fastparser.FastDefinitionsParser.handleNewLine(FastDefinitionsParser.java:380)
	at org.python.pydev.parser.fastparser.FastDefinitionsParser.extractBody(FastDefinitionsParser.java:249)
	at org.python.pydev.parser.fastparser.FastDefinitionsParser.parse(FastDefinitionsParser.java:676)
	at com.python.pydev.analysis.additionalinfo.AbstractAdditionalTokensInfo.addAstInfo(AbstractAdditionalTokensInfo.java:314)
	at com.python.pydev.analysis.additionalinfo.AbstractAdditionalInfoWithBuild.restoreInfoForModuleManager(AbstractAdditionalInfoWithBuild.java:264)
	at com.python.pydev.analysis.additionalinfo.AdditionalSystemInterpreterInfo.recreateAllInfo(AdditionalSystemInterpreterInfo.java:179)
	at com.python.pydev.analysis.additionalinfo.builders.InterpreterObserver.notifyDefaultPythonpathRestored(InterpreterObserver.java:36)
	at org.python.pydev.ui.interpreters.AbstractInterpreterManager.restorePythopathForInterpreters(AbstractInterpreterManager.java:740)
	at org.python.pydev.ui.interpreters.AbstractInterpreterManager.setInfos(AbstractInterpreterManager.java:657)
	at org.python.pydev.ui.pythonpathconf.AbstractInterpreterPreferencesPage$5.run(AbstractInterpreterPreferencesPage.java:282)
	at org.eclipse.jface.operation.ModalContext$ModalContextThread.run(ModalContext.java:119)

!ENTRY org.python.pydev.shared_core 4 4 2018-09-04 14:12:43.426
!MESSAGE Did not expect to find item below node: Assign[targets=[Attribute[value=Name[id=self, ctx=Load, reserved=false], attr=NameTok[id=hard_break, ctx=Attrib], ctx=Load], Attribute[value=Name[id=self, ctx=Load, reserved=false], attr=NameTok[id=para_end, ctx=Attrib], ctx=Load]], value=null] (module: formatter.py).
!STACK 0
java.lang.RuntimeException: Did not expect to find item below node: Assign[targets=[Attribute[value=Name[id=self, ctx=Load, reserved=false], attr=NameTok[id=hard_break, ctx=Attrib], ctx=Load], Attribute[value=Name[id=self, ctx=Load, reserved=false], attr=NameTok[id=para_end, ctx=Attrib], ctx=Load]], value=null] (module: formatter.py).
	at org.python.pydev.core.log.Log.log(Log.java:54)
	at org.python.pydev.parser.fastparser.FastDefinitionsParser.endScopesInStack(FastDefinitionsParser.java:589)
	at org.python.pydev.parser.fastparser.FastDefinitionsParser.handleNewLine(FastDefinitionsParser.java:380)
	at org.python.pydev.parser.fastparser.FastDefinitionsParser.extractBody(FastDefinitionsParser.java:249)
	at org.python.pydev.parser.fastparser.FastDefinitionsParser.parse(FastDefinitionsParser.java:676)
	at com.python.pydev.analysis.additionalinfo.AbstractAdditionalTokensInfo.addAstInfo(AbstractAdditionalTokensInfo.java:314)
	at com.python.pydev.analysis.additionalinfo.AbstractAdditionalInfoWithBuild.restoreInfoForModuleManager(AbstractAdditionalInfoWithBuild.java:264)
	at com.python.pydev.analysis.additionalinfo.AdditionalSystemInterpreterInfo.recreateAllInfo(AdditionalSystemInterpreterInfo.java:179)
	at com.python.pydev.analysis.additionalinfo.builders.InterpreterObserver.notifyDefaultPythonpathRestored(InterpreterObserver.java:36)
	at org.python.pydev.ui.interpreters.AbstractInterpreterManager.restorePythopathForInterpreters(AbstractInterpreterManager.java:740)
	at org.python.pydev.ui.interpreters.AbstractInterpreterManager.setInfos(AbstractInterpreterManager.java:657)
	at org.python.pydev.ui.pythonpathconf.AbstractInterpreterPreferencesPage$5.run(AbstractInterpreterPreferencesPage.java:282)
	at org.eclipse.jface.operation.ModalContext$ModalContextThread.run(ModalContext.java:119)

!ENTRY org.python.pydev.shared_core 4 4 2018-09-04 14:12:46.271
!MESSAGE Did not expect to find item below node: Assign[targets=[Attribute[value=Name[id=self, ctx=Load, reserved=false], attr=NameTok[id=_weakref, ctx=Attrib], ctx=Load], Attribute[value=Name[id=self, ctx=Load, reserved=false], attr=NameTok[id=_callback, ctx=Attrib], ctx=Load]], value=null] (module: util.py).
!STACK 0
java.lang.RuntimeException: Did not expect to find item below node: Assign[targets=[Attribute[value=Name[id=self, ctx=Load, reserved=false], attr=NameTok[id=_weakref, ctx=Attrib], ctx=Load], Attribute[value=Name[id=self, ctx=Load, reserved=false], attr=NameTok[id=_callback, ctx=Attrib], ctx=Load]], value=null] (module: util.py).
	at org.python.pydev.core.log.Log.log(Log.java:54)
	at org.python.pydev.parser.fastparser.FastDefinitionsParser.endScopesInStack(FastDefinitionsParser.java:589)
	at org.python.pydev.parser.fastparser.FastDefinitionsParser.handleNewLine(FastDefinitionsParser.java:380)
	at org.python.pydev.parser.fastparser.FastDefinitionsParser.extractBody(FastDefinitionsParser.java:249)
	at org.python.pydev.parser.fastparser.FastDefinitionsParser.parse(FastDefinitionsParser.java:676)
	at com.python.pydev.analysis.additionalinfo.AbstractAdditionalTokensInfo.addAstInfo(AbstractAdditionalTokensInfo.java:314)
	at com.python.pydev.analysis.additionalinfo.AbstractAdditionalInfoWithBuild.restoreInfoForModuleManager(AbstractAdditionalInfoWithBuild.java:264)
	at com.python.pydev.analysis.additionalinfo.AdditionalSystemInterpreterInfo.recreateAllInfo(AdditionalSystemInterpreterInfo.java:179)
	at com.python.pydev.analysis.additionalinfo.builders.InterpreterObserver.notifyDefaultPythonpathRestored(InterpreterObserver.java:36)
	at org.python.pydev.ui.interpreters.AbstractInterpreterManager.restorePythopathForInterpreters(AbstractInterpreterManager.java:740)
	at org.python.pydev.ui.interpreters.AbstractInterpreterManager.setInfos(AbstractInterpreterManager.java:657)
	at org.python.pydev.ui.pythonpathconf.AbstractInterpreterPreferencesPage$5.run(AbstractInterpreterPreferencesPage.java:282)
	at org.eclipse.jface.operation.ModalContext$ModalContextThread.run(ModalContext.java:119)
!SESSION 2018-09-15 08:50:53.713 -----------------------------------------------
eclipse.buildId=4.7.3.M20180301-0715
java.version=1.8.0_91
java.vendor=Oracle Corporation
BootLoader constants: OS=win32, ARCH=x86_64, WS=win32, NL=de_DE
Framework arguments:  -product org.eclipse.epp.package.java.product -product org.eclipse.epp.package.java.product -product org.eclipse.epp.package.java.product
Command-line arguments:  -os win32 -ws win32 -arch x86_64 -product org.eclipse.epp.package.java.product -product org.eclipse.epp.package.java.product -data C:\omaTimer -product org.eclipse.epp.package.java.product

!ENTRY org.eclipse.core.resources 2 10035 2018-09-15 09:13:07.438
!MESSAGE The workspace exited with unsaved changes in the previous session; refreshing workspace to recover changes.

!ENTRY org.python.pydev.shared_core 4 4 2018-09-15 09:13:47.419
!MESSAGE The python client still hasn't connected back to the eclipse java vm (will retry...)
!STACK 0
java.lang.RuntimeException: The python client still hasn't connected back to the eclipse java vm (will retry...)
	at org.python.pydev.core.log.Log.log(Log.java:33)
	at org.python.pydev.ast.codecompletion.shell.AbstractShell.startIt(AbstractShell.java:335)
	at org.python.pydev.ast.codecompletion.shell.ShellsContainer.getServerShell(ShellsContainer.java:235)
	at org.python.pydev.ast.codecompletion.shell.ShellsContainer.getServerShell(ShellsContainer.java:167)
	at org.python.pydev.ast.codecompletion.shell.AbstractShell.getServerShell(AbstractShell.java:223)
	at org.python.pydev.editor.PyEdit$2.run(PyEdit.java:566)

!ENTRY org.python.pydev.shared_core 1 1 2018-09-15 09:24:13.687
!MESSAGE Info: Rebuilding internal caches: C:\omaTimer\.metadata\.plugins\org.eclipse.core.resources\.projects\OmaTimer\com.python.pydev.analysis\AdditionalProjectInterpreterInfo.pydevinfo
!STACK 0
java.lang.RuntimeException: Unable to read: C:\omaTimer\.metadata\.plugins\org.eclipse.core.resources\.projects\OmaTimer\com.python.pydev.analysis\AdditionalProjectInterpreterInfo.pydevinfo
	at com.python.pydev.analysis.additionalinfo.AbstractAdditionalDependencyInfo.load(AbstractAdditionalDependencyInfo.java:416)
	at com.python.pydev.analysis.additionalinfo.AdditionalProjectInterpreterInfo.getAdditionalInfoForProject(AdditionalProjectInterpreterInfo.java:247)
	at com.python.pydev.analysis.additionalinfo.AdditionalProjectInterpreterInfo.recreateAllInfo(AdditionalProjectInterpreterInfo.java:330)
	at com.python.pydev.analysis.additionalinfo.builders.InterpreterObserver.notifyProjectPythonpathRestored(InterpreterObserver.java:41)
	at org.python.pydev.plugin.nature.PythonNature$RebuildPythonNatureModules.run(PythonNature.java:197)
	at org.eclipse.core.internal.jobs.Worker.run(Worker.java:56)
Caused by: java.lang.RuntimeException: Version does not match. Found: -- VERSION_4. Expected: -- VERSION_5
	at com.python.pydev.analysis.additionalinfo.AbstractAdditionalDependencyInfo.loadContentsFromFile(AbstractAdditionalDependencyInfo.java:503)
	at com.python.pydev.analysis.additionalinfo.AbstractAdditionalDependencyInfo.load(AbstractAdditionalDependencyInfo.java:414)
	... 5 more

!ENTRY org.python.pydev.shared_core 1 1 2018-09-15 09:24:15.944
!MESSAGE Info: Rebuilding internal caches: C:\omaTimer\.metadata\.plugins\com.python.pydev.analysis\python_v1_bhszz2nmitwnhee4fsopbkiuv\python.pydevsysteminfo
!STACK 0
java.lang.RuntimeException: Unable to read: C:\omaTimer\.metadata\.plugins\com.python.pydev.analysis\python_v1_bhszz2nmitwnhee4fsopbkiuv\python.pydevsysteminfo
	at com.python.pydev.analysis.additionalinfo.AbstractAdditionalDependencyInfo.load(AbstractAdditionalDependencyInfo.java:416)
	at com.python.pydev.analysis.additionalinfo.AdditionalSystemInterpreterInfo.getAdditionalSystemInfo(AdditionalSystemInterpreterInfo.java:168)
	at com.python.pydev.analysis.additionalinfo.AdditionalSystemInterpreterInfo.getAdditionalSystemInfo(AdditionalSystemInterpreterInfo.java:139)
	at com.python.pydev.analysis.system_info_builder.InterpreterInfoBuilder.syncInfoToPythonPath(InterpreterInfoBuilder.java:78)
	at org.python.pydev.ast.codecompletion.revisited.SyncSystemModulesManager.synchronizeManagerToNameToInfoPythonpath(SyncSystemModulesManager.java:392)
	at org.python.pydev.ast.codecompletion.revisited.SyncSystemModulesManagerScheduler$SynchJob.run(SyncSystemModulesManagerScheduler.java:257)
	at org.eclipse.core.internal.jobs.Worker.run(Worker.java:56)
Caused by: java.lang.RuntimeException: Version does not match. Found: -- VERSION_4. Expected: -- VERSION_5
	at com.python.pydev.analysis.additionalinfo.AbstractAdditionalDependencyInfo.loadContentsFromFile(AbstractAdditionalDependencyInfo.java:503)
	at com.python.pydev.analysis.additionalinfo.AbstractAdditionalDependencyInfo.load(AbstractAdditionalDependencyInfo.java:414)
	... 6 more

!ENTRY org.eclipse.egit.ui 2 0 2018-09-15 09:24:34.392
!MESSAGE Warning: The environment variable HOME is not set. The following directory will be used to store the Git
user global configuration and to define the default location to store repositories: 'C:\Users\Anja'. If this is
not correct please set the HOME environment variable and restart Eclipse. Otherwise Git for Windows and
EGit might behave differently since they see different configuration options.
This warning can be switched off on the Team > Git > Confirmations and Warnings preference page.
!SESSION 2018-10-13 12:22:15.056 -----------------------------------------------
eclipse.buildId=4.7.3.M20180301-0715
java.version=1.8.0_91
java.vendor=Oracle Corporation
BootLoader constants: OS=win32, ARCH=x86_64, WS=win32, NL=de_DE
Framework arguments:  -product org.eclipse.epp.package.java.product
Command-line arguments:  -os win32 -ws win32 -arch x86_64 -product org.eclipse.epp.package.java.product

!ENTRY org.eclipse.core.resources 2 10035 2018-10-13 12:22:41.137
!MESSAGE The workspace exited with unsaved changes in the previous session; refreshing workspace to recover changes.

!ENTRY org.python.pydev.shared_core 4 4 2018-10-13 12:23:51.277
!MESSAGE The python client still hasn't connected back to the eclipse java vm (will retry...)
!STACK 0
java.lang.RuntimeException: The python client still hasn't connected back to the eclipse java vm (will retry...)
	at org.python.pydev.core.log.Log.log(Log.java:33)
	at org.python.pydev.ast.codecompletion.shell.AbstractShell.startIt(AbstractShell.java:335)
	at org.python.pydev.ast.codecompletion.shell.ShellsContainer.getServerShell(ShellsContainer.java:235)
	at org.python.pydev.ast.codecompletion.shell.ShellsContainer.getServerShell(ShellsContainer.java:167)
	at org.python.pydev.ast.codecompletion.shell.AbstractShell.getServerShell(AbstractShell.java:223)
	at org.python.pydev.editor.PyEdit$2.run(PyEdit.java:566)

!ENTRY org.eclipse.egit.ui 2 0 2018-10-13 12:24:23.493
!MESSAGE Warning: The environment variable HOME is not set. The following directory will be used to store the Git
user global configuration and to define the default location to store repositories: 'C:\Users\Anja'. If this is
not correct please set the HOME environment variable and restart Eclipse. Otherwise Git for Windows and
EGit might behave differently since they see different configuration options.
This warning can be switched off on the Team > Git > Confirmations and Warnings preference page.
!SESSION 2018-10-28 11:18:41.849 -----------------------------------------------
eclipse.buildId=4.7.3.M20180301-0715
java.version=1.8.0_91
java.vendor=Oracle Corporation
BootLoader constants: OS=win32, ARCH=x86_64, WS=win32, NL=de_DE
Framework arguments:  -product org.eclipse.epp.package.java.product -product org.eclipse.epp.package.java.product -product org.eclipse.epp.package.java.product -product org.eclipse.epp.package.java.product
Command-line arguments:  -os win32 -ws win32 -arch x86_64 -product org.eclipse.epp.package.java.product -product org.eclipse.epp.package.java.product -product org.eclipse.epp.package.java.product -data C:\omaTimer -product org.eclipse.epp.package.java.product

!ENTRY org.eclipse.core.resources 2 10035 2018-10-28 11:19:10.096
!MESSAGE The workspace exited with unsaved changes in the previous session; refreshing workspace to recover changes.

!ENTRY org.eclipse.ui 2 0 2018-10-28 11:20:22.064
!MESSAGE Warnings while parsing the images from the 'org.eclipse.ui.commandImages' extension point.
!SUBENTRY 1 org.eclipse.ui 2 0 2018-10-28 11:20:22.064
!MESSAGE Cannot bind to an undefined command: plug-in='com.genuitec.eclipse.theming.ui', id='com.genuitec.myeclipse.help.darktheme.commandid'

!ENTRY com.genuitec.eclipse.theming.ui 1 0 2018-10-28 11:20:29.197
!MESSAGE A DevStyle Theme is being activated on this workspace; preparing colors and configuration

!ENTRY com.genuitec.eclipse.theming.ui 1 0 2018-10-28 11:20:29.384
!MESSAGE DevStyle has archived current color configurations to alternate preferences - will be restored when switching out of the DevStyle Theme

!ENTRY org.python.pydev.shared_core 4 4 2018-10-28 11:20:49.572
!MESSAGE The python client still hasn't connected back to the eclipse java vm (will retry...)
!STACK 0
java.lang.RuntimeException: The python client still hasn't connected back to the eclipse java vm (will retry...)
	at org.python.pydev.core.log.Log.log(Log.java:33)
	at org.python.pydev.ast.codecompletion.shell.AbstractShell.startIt(AbstractShell.java:335)
	at org.python.pydev.ast.codecompletion.shell.ShellsContainer.getServerShell(ShellsContainer.java:235)
	at org.python.pydev.ast.codecompletion.shell.ShellsContainer.getServerShell(ShellsContainer.java:167)
	at org.python.pydev.ast.codecompletion.shell.AbstractShell.getServerShell(AbstractShell.java:223)
	at org.python.pydev.editor.PyEdit$2.run(PyEdit.java:566)

!ENTRY org.python.pydev.shared_core 4 4 2018-10-28 11:20:54.626
!MESSAGE Attempt: 2 of 5 failed, trying again...(socket connected: still null)
!STACK 0
java.lang.RuntimeException: Attempt: 2 of 5 failed, trying again...(socket connected: still null)
	at org.python.pydev.core.log.Log.log(Log.java:33)
	at org.python.pydev.ast.codecompletion.shell.AbstractShell.startIt(AbstractShell.java:354)
	at org.python.pydev.ast.codecompletion.shell.ShellsContainer.getServerShell(ShellsContainer.java:235)
	at org.python.pydev.ast.codecompletion.shell.ShellsContainer.getServerShell(ShellsContainer.java:167)
	at org.python.pydev.ast.codecompletion.shell.AbstractShell.getServerShell(AbstractShell.java:223)
	at org.python.pydev.editor.PyEdit$2.run(PyEdit.java:566)

!ENTRY org.eclipse.egit.ui 2 0 2018-10-28 11:20:58.173
!MESSAGE Warning: The environment variable HOME is not set. The following directory will be used to store the Git
user global configuration and to define the default location to store repositories: 'C:\Users\Anja'. If this is
not correct please set the HOME environment variable and restart Eclipse. Otherwise Git for Windows and
EGit might behave differently since they see different configuration options.
This warning can be switched off on the Team > Git > Confirmations and Warnings preference page.

!ENTRY com.genuitec.eclipse.monitor 4 2 2018-10-28 23:00:00.270
!MESSAGE Problems occurred when invoking code from plug-in: "com.genuitec.eclipse.monitor".
!STACK 0
java.lang.IllegalArgumentException: Scheduling delay is negative
	at org.eclipse.core.runtime.Assert.isLegal(Assert.java:63)
	at org.eclipse.core.internal.jobs.JobManager.schedule(JobManager.java:1240)
	at org.eclipse.core.internal.jobs.InternalJob.schedule(InternalJob.java:382)
	at org.eclipse.core.runtime.jobs.Job.schedule(Job.java:662)
	at com.genuitec.eclipse.monitor.internal.providers.WebclipseMetricsProvider$2.done(WebclipseMetricsProvider.java:86)
	at org.eclipse.core.internal.jobs.JobListeners.doNotify(JobListeners.java:77)
	at org.eclipse.core.internal.jobs.JobListeners.done(JobListeners.java:115)
	at org.eclipse.core.internal.jobs.JobManager.endJob(JobManager.java:695)
	at org.eclipse.core.internal.jobs.WorkerPool.endJob(WorkerPool.java:114)
	at org.eclipse.core.internal.jobs.Worker.run(Worker.java:78)
!SESSION 2018-10-29 07:55:38.971 -----------------------------------------------
eclipse.buildId=4.7.3.M20180301-0715
java.version=1.8.0_91
java.vendor=Oracle Corporation
BootLoader constants: OS=win32, ARCH=x86_64, WS=win32, NL=de_DE
Framework arguments:  -product org.eclipse.epp.package.java.product
Command-line arguments:  -os win32 -ws win32 -arch x86_64 -product org.eclipse.epp.package.java.product

!ENTRY com.genuitec.eclipse.theming.ui 1 0 2018-10-29 07:56:52.086
!MESSAGE A DevStyle Theme is being activated on this workspace; preparing colors and configuration

!ENTRY com.genuitec.eclipse.theming.ui 1 0 2018-10-29 07:58:06.241
!MESSAGE DevStyle has archived current color configurations to alternate preferences - will be restored when switching out of the DevStyle Theme

!ENTRY org.python.pydev.shared_core 4 4 2018-10-29 07:58:34.663
!MESSAGE The python client still hasn't connected back to the eclipse java vm (will retry...)
!STACK 0
java.lang.RuntimeException: The python client still hasn't connected back to the eclipse java vm (will retry...)
	at org.python.pydev.core.log.Log.log(Log.java:33)
	at org.python.pydev.ast.codecompletion.shell.AbstractShell.startIt(AbstractShell.java:335)
	at org.python.pydev.ast.codecompletion.shell.ShellsContainer.getServerShell(ShellsContainer.java:235)
	at org.python.pydev.ast.codecompletion.shell.ShellsContainer.getServerShell(ShellsContainer.java:167)
	at org.python.pydev.ast.codecompletion.shell.AbstractShell.getServerShell(AbstractShell.java:223)
	at org.python.pydev.editor.PyEdit$2.run(PyEdit.java:566)

!ENTRY org.python.pydev.shared_core 4 4 2018-10-29 07:58:40.347
!MESSAGE Attempt: 2 of 5 failed, trying again...(socket connected: still null)
!STACK 0
java.lang.RuntimeException: Attempt: 2 of 5 failed, trying again...(socket connected: still null)
	at org.python.pydev.core.log.Log.log(Log.java:33)
	at org.python.pydev.ast.codecompletion.shell.AbstractShell.startIt(AbstractShell.java:354)
	at org.python.pydev.ast.codecompletion.shell.ShellsContainer.getServerShell(ShellsContainer.java:235)
	at org.python.pydev.ast.codecompletion.shell.ShellsContainer.getServerShell(ShellsContainer.java:167)
	at org.python.pydev.ast.codecompletion.shell.AbstractShell.getServerShell(AbstractShell.java:223)
	at org.python.pydev.editor.PyEdit$2.run(PyEdit.java:566)

!ENTRY org.python.pydev.shared_core 4 4 2018-10-29 07:58:47.486
!MESSAGE Attempt: 3 of 5 failed, trying again...(socket connected: still null)
!STACK 0
java.lang.RuntimeException: Attempt: 3 of 5 failed, trying again...(socket connected: still null)
	at org.python.pydev.core.log.Log.log(Log.java:33)
	at org.python.pydev.ast.codecompletion.shell.AbstractShell.startIt(AbstractShell.java:354)
	at org.python.pydev.ast.codecompletion.shell.ShellsContainer.getServerShell(ShellsContainer.java:235)
	at org.python.pydev.ast.codecompletion.shell.ShellsContainer.getServerShell(ShellsContainer.java:167)
	at org.python.pydev.ast.codecompletion.shell.AbstractShell.getServerShell(AbstractShell.java:223)
	at org.python.pydev.editor.PyEdit$2.run(PyEdit.java:566)

!ENTRY org.eclipse.egit.ui 2 0 2018-10-29 07:58:51.247
!MESSAGE Warning: The environment variable HOME is not set. The following directory will be used to store the Git
user global configuration and to define the default location to store repositories: 'C:\Users\Anja'. If this is
not correct please set the HOME environment variable and restart Eclipse. Otherwise Git for Windows and
EGit might behave differently since they see different configuration options.
This warning can be switched off on the Team > Git > Confirmations and Warnings preference page.

!ENTRY org.python.pydev.shared_core 4 4 2018-10-29 08:00:26.276
!MESSAGE The python client still hasn't connected back to the eclipse java vm (will retry...)
!STACK 0
java.lang.RuntimeException: The python client still hasn't connected back to the eclipse java vm (will retry...)
	at org.python.pydev.core.log.Log.log(Log.java:33)
	at org.python.pydev.ast.codecompletion.shell.AbstractShell.startIt(AbstractShell.java:335)
	at org.python.pydev.ast.codecompletion.shell.ShellsContainer.getServerShell(ShellsContainer.java:235)
	at org.python.pydev.ast.codecompletion.shell.ShellsContainer.getServerShell(ShellsContainer.java:167)
	at org.python.pydev.ast.codecompletion.shell.AbstractShell.getServerShell(AbstractShell.java:223)
	at org.python.pydev.ast.codecompletion.revisited.modules.CompiledModule.findDefinition(CompiledModule.java:610)
	at org.python.pydev.ast.codecompletion.revisited.modules.CompiledModule.findDefinition(CompiledModule.java:1)
	at org.python.pydev.ast.codecompletion.revisited.modules.SourceModule.internalFindGlobalTokDef(SourceModule.java:1312)
	at org.python.pydev.ast.codecompletion.revisited.modules.SourceModule.findGlobalTokDef(SourceModule.java:1165)
	at org.python.pydev.ast.codecompletion.revisited.modules.SourceModule.findDefinitionsFromModAndTok(SourceModule.java:1108)
	at org.python.pydev.ast.codecompletion.revisited.modules.SourceModule.findDefinition(SourceModule.java:1090)
	at org.python.pydev.ast.codecompletion.revisited.modules.SourceModule.findDefinition(SourceModule.java:758)
	at org.python.pydev.ast.codecompletion.revisited.modules.SourceModule.findDefinition(SourceModule.java:1)
	at org.python.pydev.ast.refactoring.PyRefactoringFindDefinition.findActualDefinition(PyRefactoringFindDefinition.java:185)
	at org.python.pydev.ast.refactoring.PyRefactoringFindDefinition.findActualDefinition(PyRefactoringFindDefinition.java:84)
	at org.python.pydev.editor.hover.PyDocstringTextHover.getDocstringHover(PyDocstringTextHover.java:101)
	at org.python.pydev.editor.hover.PyDocstringTextHover.getHoverInfo(PyDocstringTextHover.java:59)
	at org.python.pydev.editor.hover.PydevCombiningHover.getHoverInfo(PydevCombiningHover.java:141)
	at org.python.pydev.editor.hover.PyEditorTextHoverProxy.getHoverInfo(PyEditorTextHoverProxy.java:59)
	at org.eclipse.jface.text.TextViewerHoverManager$4.run(TextViewerHoverManager.java:168)

!ENTRY org.python.pydev.shared_core 1 1 2018-10-29 09:18:54.035
!MESSAGE Information about process of adding new interpreter:
- Opening dialog to request executable (or jar).
- Chosen interpreter (name and file):'Tuple [Pythom3 -- C:\Users\Anja\AppData\Local\Programs\Python\Python36-32\python.exe]
- Ok, file is non-null. Getting info on:C:\Users\Anja\AppData\Local\Programs\Python\Python36-32\python.exe
- Beggining task:Getting libs totalWork:100
- Setting task name:Mounting executable string...
- Setting task name:Executing:  C:\Users\Anja\AppData\Local\Programs\Python\Python36-32\python.exe -u C:\Users\Anja\.p2\pool\plugins\org.python.pydev.core_6.3.2.201803171248\pysrc\interpreterInfo.py
- Setting task name:Making pythonpath environment... C:\Users\Anja\AppData\Local\Programs\Python\Python36-32\python.exe -u C:\Users\Anja\.p2\pool\plugins\org.python.pydev.core_6.3.2.201803171248\pysrc\interpreterInfo.py
- Setting task name:Making exec... C:\Users\Anja\AppData\Local\Programs\Python\Python36-32\python.exe -u C:\Users\Anja\.p2\pool\plugins\org.python.pydev.core_6.3.2.201803171248\pysrc\interpreterInfo.py
- Setting task name:Reading output...
- Setting task name:Waiting for process to finish.
- Setting task name:Process finished.
- Success getting the info. Result:<xml>
<name>Pythom3</name>
<version>3.6</version>
<executable>C:\Users\Anja\AppData\Local\Programs\Python\Python36-32\python.exe</executable>
<lib>C:\Users\Anja\AppData\Local\Programs\Python\Python36-32\DLLs</lib>
<lib>C:\Users\Anja\AppData\Local\Programs\Python\Python36-32\lib</lib>
<lib>C:\Users\Anja\AppData\Local\Programs\Python\Python36-32</lib>
<lib>C:\Users\Anja\AppData\Local\Programs\Python\Python36-32\lib\site-packages</lib>
<forced_lib>Image</forced_lib>
<forced_lib>OpenGL</forced_lib>
<forced_lib>_ast</forced_lib>
<forced_lib>_bisect</forced_lib>
<forced_lib>_blake2</forced_lib>
<forced_lib>_bytesio</forced_lib>
<forced_lib>_codecs</forced_lib>
<forced_lib>_codecs_cn</forced_lib>
<forced_lib>_codecs_hk</forced_lib>
<forced_lib>_codecs_iso2022</forced_lib>
<forced_lib>_codecs_jp</forced_lib>
<forced_lib>_codecs_kr</forced_lib>
<forced_lib>_codecs_tw</forced_lib>
<forced_lib>_collections</forced_lib>
<forced_lib>_csv</forced_lib>
<forced_lib>_datetime</forced_lib>
<forced_lib>_fileio</forced_lib>
<forced_lib>_functools</forced_lib>
<forced_lib>_heapq</forced_lib>
<forced_lib>_hotshot</forced_lib>
<forced_lib>_imp</forced_lib>
<forced_lib>_io</forced_lib>
<forced_lib>_json</forced_lib>
<forced_lib>_locale</forced_lib>
<forced_lib>_lsprof</forced_lib>
<forced_lib>_md5</forced_lib>
<forced_lib>_multibytecodec</forced_lib>
<forced_lib>_opcode</forced_lib>
<forced_lib>_operator</forced_lib>
<forced_lib>_pickle</forced_lib>
<forced_lib>_random</forced_lib>
<forced_lib>_sha</forced_lib>
<forced_lib>_sha1</forced_lib>
<forced_lib>_sha256</forced_lib>
<forced_lib>_sha3</forced_lib>
<forced_lib>_sha512</forced_lib>
<forced_lib>_signal</forced_lib>
<forced_lib>_sre</forced_lib>
<forced_lib>_stat</forced_lib>
<forced_lib>_string</forced_lib>
<forced_lib>_struct</forced_lib>
<forced_lib>_subprocess</forced_lib>
<forced_lib>_symtable</forced_lib>
<forced_lib>_thread</forced_lib>
<forced_lib>_tracemalloc</forced_lib>
<forced_lib>_warnings</forced_lib>
<forced_lib>_weakref</forced_lib>
<forced_lib>_winapi</forced_lib>
<forced_lib>_winreg</forced_lib>
<forced_lib>array</forced_lib>
<forced_lib>atexit</forced_lib>
<forced_lib>audioop</forced_lib>
<forced_lib>binascii</forced_lib>
<forced_lib>builtins</forced_lib>
<forced_lib>cPickle</forced_lib>
<forced_lib>cStringIO</forced_lib>
<forced_lib>cmath</forced_lib>
<forced_lib>cv2</forced_lib>
<forced_lib>datetime</forced_lib>
<forced_lib>email</forced_lib>
<forced_lib>errno</forced_lib>
<forced_lib>exceptions</forced_lib>
<forced_lib>faulthandler</forced_lib>
<forced_lib>future_builtins</forced_lib>
<forced_lib>gc</forced_lib>
<forced_lib>gi</forced_lib>
<forced_lib>hashlib</forced_lib>
<forced_lib>imageop</forced_lib>
<forced_lib>imp</forced_lib>
<forced_lib>itertools</forced_lib>
<forced_lib>marshal</forced_lib>
<forced_lib>math</forced_lib>
<forced_lib>mmap</forced_lib>
<forced_lib>mock</forced_lib>
<forced_lib>msvcrt</forced_lib>
<forced_lib>multiprocessing</forced_lib>
<forced_lib>mutagen</forced_lib>
<forced_lib>nt</forced_lib>
<forced_lib>numpy</forced_lib>
<forced_lib>operator</forced_lib>
<forced_lib>os</forced_lib>
<forced_lib>os.path</forced_lib>
<forced_lib>parser</forced_lib>
<forced_lib>pytest</forced_lib>
<forced_lib>scipy</forced_lib>
<forced_lib>signal</forced_lib>
<forced_lib>six</forced_lib>
<forced_lib>socket</forced_lib>
<forced_lib>ssl</forced_lib>
<forced_lib>strop</forced_lib>
<forced_lib>sys</forced_lib>
<forced_lib>thread</forced_lib>
<forced_lib>time</forced_lib>
<forced_lib>winreg</forced_lib>
<forced_lib>wx</forced_lib>
<forced_lib>wxPython</forced_lib>
<forced_lib>xxsubtype</forced_lib>
<forced_lib>zipimport</forced_lib>
<forced_lib>zlib</forced_lib>
<string_substitution_var><key>PY</key><value>36</value></string_substitution_var>
</xml>

!STACK 0
java.lang.RuntimeException: Information about process of adding new interpreter:
- Opening dialog to request executable (or jar).
- Chosen interpreter (name and file):'Tuple [Pythom3 -- C:\Users\Anja\AppData\Local\Programs\Python\Python36-32\python.exe]
- Ok, file is non-null. Getting info on:C:\Users\Anja\AppData\Local\Programs\Python\Python36-32\python.exe
- Beggining task:Getting libs totalWork:100
- Setting task name:Mounting executable string...
- Setting task name:Executing:  C:\Users\Anja\AppData\Local\Programs\Python\Python36-32\python.exe -u C:\Users\Anja\.p2\pool\plugins\org.python.pydev.core_6.3.2.201803171248\pysrc\interpreterInfo.py
- Setting task name:Making pythonpath environment... C:\Users\Anja\AppData\Local\Programs\Python\Python36-32\python.exe -u C:\Users\Anja\.p2\pool\plugins\org.python.pydev.core_6.3.2.201803171248\pysrc\interpreterInfo.py
- Setting task name:Making exec... C:\Users\Anja\AppData\Local\Programs\Python\Python36-32\python.exe -u C:\Users\Anja\.p2\pool\plugins\org.python.pydev.core_6.3.2.201803171248\pysrc\interpreterInfo.py
- Setting task name:Reading output...
- Setting task name:Waiting for process to finish.
- Setting task name:Process finished.
- Success getting the info. Result:<xml>
<name>Pythom3</name>
<version>3.6</version>
<executable>C:\Users\Anja\AppData\Local\Programs\Python\Python36-32\python.exe</executable>
<lib>C:\Users\Anja\AppData\Local\Programs\Python\Python36-32\DLLs</lib>
<lib>C:\Users\Anja\AppData\Local\Programs\Python\Python36-32\lib</lib>
<lib>C:\Users\Anja\AppData\Local\Programs\Python\Python36-32</lib>
<lib>C:\Users\Anja\AppData\Local\Programs\Python\Python36-32\lib\site-packages</lib>
<forced_lib>Image</forced_lib>
<forced_lib>OpenGL</forced_lib>
<forced_lib>_ast</forced_lib>
<forced_lib>_bisect</forced_lib>
<forced_lib>_blake2</forced_lib>
<forced_lib>_bytesio</forced_lib>
<forced_lib>_codecs</forced_lib>
<forced_lib>_codecs_cn</forced_lib>
<forced_lib>_codecs_hk</forced_lib>
<forced_lib>_codecs_iso2022</forced_lib>
<forced_lib>_codecs_jp</forced_lib>
<forced_lib>_codecs_kr</forced_lib>
<forced_lib>_codecs_tw</forced_lib>
<forced_lib>_collections</forced_lib>
<forced_lib>_csv</forced_lib>
<forced_lib>_datetime</forced_lib>
<forced_lib>_fileio</forced_lib>
<forced_lib>_functools</forced_lib>
<forced_lib>_heapq</forced_lib>
<forced_lib>_hotshot</forced_lib>
<forced_lib>_imp</forced_lib>
<forced_lib>_io</forced_lib>
<forced_lib>_json</forced_lib>
<forced_lib>_locale</forced_lib>
<forced_lib>_lsprof</forced_lib>
<forced_lib>_md5</forced_lib>
<forced_lib>_multibytecodec</forced_lib>
<forced_lib>_opcode</forced_lib>
<forced_lib>_operator</forced_lib>
<forced_lib>_pickle</forced_lib>
<forced_lib>_random</forced_lib>
<forced_lib>_sha</forced_lib>
<forced_lib>_sha1</forced_lib>
<forced_lib>_sha256</forced_lib>
<forced_lib>_sha3</forced_lib>
<forced_lib>_sha512</forced_lib>
<forced_lib>_signal</forced_lib>
<forced_lib>_sre</forced_lib>
<forced_lib>_stat</forced_lib>
<forced_lib>_string</forced_lib>
<forced_lib>_struct</forced_lib>
<forced_lib>_subprocess</forced_lib>
<forced_lib>_symtable</forced_lib>
<forced_lib>_thread</forced_lib>
<forced_lib>_tracemalloc</forced_lib>
<forced_lib>_warnings</forced_lib>
<forced_lib>_weakref</forced_lib>
<forced_lib>_winapi</forced_lib>
<forced_lib>_winreg</forced_lib>
<forced_lib>array</forced_lib>
<forced_lib>atexit</forced_lib>
<forced_lib>audioop</forced_lib>
<forced_lib>binascii</forced_lib>
<forced_lib>builtins</forced_lib>
<forced_lib>cPickle</forced_lib>
<forced_lib>cStringIO</forced_lib>
<forced_lib>cmath</forced_lib>
<forced_lib>cv2</forced_lib>
<forced_lib>datetime</forced_lib>
<forced_lib>email</forced_lib>
<forced_lib>errno</forced_lib>
<forced_lib>exceptions</forced_lib>
<forced_lib>faulthandler</forced_lib>
<forced_lib>future_builtins</forced_lib>
<forced_lib>gc</forced_lib>
<forced_lib>gi</forced_lib>
<forced_lib>hashlib</forced_lib>
<forced_lib>imageop</forced_lib>
<forced_lib>imp</forced_lib>
<forced_lib>itertools</forced_lib>
<forced_lib>marshal</forced_lib>
<forced_lib>math</forced_lib>
<forced_lib>mmap</forced_lib>
<forced_lib>mock</forced_lib>
<forced_lib>msvcrt</forced_lib>
<forced_lib>multiprocessing</forced_lib>
<forced_lib>mutagen</forced_lib>
<forced_lib>nt</forced_lib>
<forced_lib>numpy</forced_lib>
<forced_lib>operator</forced_lib>
<forced_lib>os</forced_lib>
<forced_lib>os.path</forced_lib>
<forced_lib>parser</forced_lib>
<forced_lib>pytest</forced_lib>
<forced_lib>scipy</forced_lib>
<forced_lib>signal</forced_lib>
<forced_lib>six</forced_lib>
<forced_lib>socket</forced_lib>
<forced_lib>ssl</forced_lib>
<forced_lib>strop</forced_lib>
<forced_lib>sys</forced_lib>
<forced_lib>thread</forced_lib>
<forced_lib>time</forced_lib>
<forced_lib>winreg</forced_lib>
<forced_lib>wx</forced_lib>
<forced_lib>wxPython</forced_lib>
<forced_lib>xxsubtype</forced_lib>
<forced_lib>zipimport</forced_lib>
<forced_lib>zlib</forced_lib>
<string_substitution_var><key>PY</key><value>36</value></string_substitution_var>
</xml>

	at org.python.pydev.core.log.Log.logInfo(Log.java:45)
	at org.python.pydev.ui.pythonpathconf.AbstractInterpreterEditor.getNewInputObject(AbstractInterpreterEditor.java:1024)
	at org.python.copiedfromeclipsesrc.PythonListEditor.addPressed(PythonListEditor.java:133)
	at org.python.copiedfromeclipsesrc.PythonListEditor$1.widgetSelected(PythonListEditor.java:227)
	at org.eclipse.swt.widgets.TypedListener.handleEvent(TypedListener.java:249)
	at org.eclipse.swt.widgets.EventTable.sendEvent(EventTable.java:86)
	at org.eclipse.swt.widgets.Display.sendEvent(Display.java:4428)
	at org.eclipse.swt.widgets.Widget.sendEvent(Widget.java:1079)
	at org.eclipse.swt.widgets.Display.runDeferredEvents(Display.java:4238)
	at org.eclipse.swt.widgets.Display.readAndDispatch(Display.java:3817)
	at org.eclipse.jface.window.Window.runEventLoop(Window.java:818)
	at org.eclipse.jface.window.Window.open(Window.java:794)
	at org.eclipse.ui.internal.dialogs.WorkbenchPreferenceDialog.open(WorkbenchPreferenceDialog.java:211)
	at org.python.pydev.ui.PyProjectPythonDetails$ProjectInterpreterAndGrammarConfig$2.widgetSelected(PyProjectPythonDetails.java:246)
	at org.eclipse.swt.widgets.TypedListener.handleEvent(TypedListener.java:249)
	at org.eclipse.swt.widgets.EventTable.sendEvent(EventTable.java:86)
	at org.eclipse.swt.widgets.Display.sendEvent(Display.java:4428)
	at org.eclipse.swt.widgets.Widget.sendEvent(Widget.java:1079)
	at org.eclipse.swt.widgets.Widget.sendEvent(Widget.java:1103)
	at org.eclipse.swt.widgets.Widget.sendSelectionEvent(Widget.java:1120)
	at org.eclipse.swt.widgets.Link.WM_LBUTTONUP(Link.java:1035)
	at org.eclipse.swt.widgets.Control.windowProc(Control.java:4880)
	at org.eclipse.swt.widgets.Display.windowProc(Display.java:5178)
	at org.eclipse.swt.internal.win32.OS.DispatchMessageW(Native Method)
	at org.eclipse.swt.internal.win32.OS.DispatchMessage(OS.java:2560)
	at org.eclipse.swt.widgets.Display.readAndDispatch(Display.java:3815)
	at org.eclipse.jface.window.Window.runEventLoop(Window.java:818)
	at org.eclipse.jface.window.Window.open(Window.java:794)
	at org.eclipse.ui.dialogs.PropertyDialogAction.run(PropertyDialogAction.java:157)
	at org.eclipse.jface.action.Action.runWithEvent(Action.java:473)
	at org.eclipse.jface.action.ActionContributionItem.handleWidgetSelection(ActionContributionItem.java:565)
	at org.eclipse.jface.action.ActionContributionItem.lambda$4(ActionContributionItem.java:397)
	at org.eclipse.swt.widgets.EventTable.sendEvent(EventTable.java:86)
	at org.eclipse.swt.widgets.Display.sendEvent(Display.java:4428)
	at org.eclipse.swt.widgets.Widget.sendEvent(Widget.java:1079)
	at org.eclipse.swt.widgets.Display.runDeferredEvents(Display.java:4238)
	at org.eclipse.swt.widgets.Display.readAndDispatch(Display.java:3817)
	at org.eclipse.e4.ui.internal.workbench.swt.PartRenderingEngine$5.run(PartRenderingEngine.java:1150)
	at org.eclipse.core.databinding.observable.Realm.runWithDefault(Realm.java:336)
	at org.eclipse.e4.ui.internal.workbench.swt.PartRenderingEngine.run(PartRenderingEngine.java:1039)
	at org.eclipse.e4.ui.internal.workbench.E4Workbench.createAndRunUI(E4Workbench.java:153)
	at org.eclipse.ui.internal.Workbench.lambda$3(Workbench.java:680)
	at org.eclipse.core.databinding.observable.Realm.runWithDefault(Realm.java:336)
	at org.eclipse.ui.internal.Workbench.createAndRunWorkbench(Workbench.java:594)
	at org.eclipse.ui.PlatformUI.createAndRunWorkbench(PlatformUI.java:148)
	at org.eclipse.ui.internal.ide.application.IDEApplication.start(IDEApplication.java:151)
	at org.eclipse.equinox.internal.app.EclipseAppHandle.run(EclipseAppHandle.java:196)
	at org.eclipse.core.runtime.internal.adaptor.EclipseAppLauncher.runApplication(EclipseAppLauncher.java:134)
	at org.eclipse.core.runtime.internal.adaptor.EclipseAppLauncher.start(EclipseAppLauncher.java:104)
	at org.eclipse.core.runtime.adaptor.EclipseStarter.run(EclipseStarter.java:388)
	at org.eclipse.core.runtime.adaptor.EclipseStarter.run(EclipseStarter.java:243)
	at sun.reflect.NativeMethodAccessorImpl.invoke0(Native Method)
	at sun.reflect.NativeMethodAccessorImpl.invoke(Unknown Source)
	at sun.reflect.DelegatingMethodAccessorImpl.invoke(Unknown Source)
	at java.lang.reflect.Method.invoke(Unknown Source)
	at org.eclipse.equinox.launcher.Main.invokeFramework(Main.java:653)
	at org.eclipse.equinox.launcher.Main.basicRun(Main.java:590)
	at org.eclipse.equinox.launcher.Main.run(Main.java:1499)

!ENTRY org.python.pydev.shared_core 1 1 2018-10-29 09:20:14.623
!MESSAGE Information about process of adding new interpreter:
- Opening dialog to request executable (or jar).
- Chosen interpreter (name and file):'Tuple [python3 -- C:\Users\Anja\AppData\Local\Programs\Python\Python36-32\python.exe]
- Ok, file is non-null. Getting info on:C:\Users\Anja\AppData\Local\Programs\Python\Python36-32\python.exe
- Beggining task:Getting libs totalWork:100
- Setting task name:Mounting executable string...
- Setting task name:Executing:  C:\Users\Anja\AppData\Local\Programs\Python\Python36-32\python.exe -u C:\Users\Anja\.p2\pool\plugins\org.python.pydev.core_6.3.2.201803171248\pysrc\interpreterInfo.py
- Setting task name:Making pythonpath environment... C:\Users\Anja\AppData\Local\Programs\Python\Python36-32\python.exe -u C:\Users\Anja\.p2\pool\plugins\org.python.pydev.core_6.3.2.201803171248\pysrc\interpreterInfo.py
- Setting task name:Making exec... C:\Users\Anja\AppData\Local\Programs\Python\Python36-32\python.exe -u C:\Users\Anja\.p2\pool\plugins\org.python.pydev.core_6.3.2.201803171248\pysrc\interpreterInfo.py
- Setting task name:Reading output...
- Setting task name:Waiting for process to finish.
- Setting task name:Process finished.
- Success getting the info. Result:<xml>
<name>python3</name>
<version>3.6</version>
<executable>C:\Users\Anja\AppData\Local\Programs\Python\Python36-32\python.exe</executable>
<lib>C:\Users\Anja\AppData\Local\Programs\Python\Python36-32\DLLs</lib>
<lib>C:\Users\Anja\AppData\Local\Programs\Python\Python36-32\lib</lib>
<lib>C:\Users\Anja\AppData\Local\Programs\Python\Python36-32</lib>
<lib>C:\Users\Anja\AppData\Local\Programs\Python\Python36-32\lib\site-packages</lib>
<forced_lib>Image</forced_lib>
<forced_lib>OpenGL</forced_lib>
<forced_lib>_ast</forced_lib>
<forced_lib>_bisect</forced_lib>
<forced_lib>_blake2</forced_lib>
<forced_lib>_bytesio</forced_lib>
<forced_lib>_codecs</forced_lib>
<forced_lib>_codecs_cn</forced_lib>
<forced_lib>_codecs_hk</forced_lib>
<forced_lib>_codecs_iso2022</forced_lib>
<forced_lib>_codecs_jp</forced_lib>
<forced_lib>_codecs_kr</forced_lib>
<forced_lib>_codecs_tw</forced_lib>
<forced_lib>_collections</forced_lib>
<forced_lib>_csv</forced_lib>
<forced_lib>_datetime</forced_lib>
<forced_lib>_fileio</forced_lib>
<forced_lib>_functools</forced_lib>
<forced_lib>_heapq</forced_lib>
<forced_lib>_hotshot</forced_lib>
<forced_lib>_imp</forced_lib>
<forced_lib>_io</forced_lib>
<forced_lib>_json</forced_lib>
<forced_lib>_locale</forced_lib>
<forced_lib>_lsprof</forced_lib>
<forced_lib>_md5</forced_lib>
<forced_lib>_multibytecodec</forced_lib>
<forced_lib>_opcode</forced_lib>
<forced_lib>_operator</forced_lib>
<forced_lib>_pickle</forced_lib>
<forced_lib>_random</forced_lib>
<forced_lib>_sha</forced_lib>
<forced_lib>_sha1</forced_lib>
<forced_lib>_sha256</forced_lib>
<forced_lib>_sha3</forced_lib>
<forced_lib>_sha512</forced_lib>
<forced_lib>_signal</forced_lib>
<forced_lib>_sre</forced_lib>
<forced_lib>_stat</forced_lib>
<forced_lib>_string</forced_lib>
<forced_lib>_struct</forced_lib>
<forced_lib>_subprocess</forced_lib>
<forced_lib>_symtable</forced_lib>
<forced_lib>_thread</forced_lib>
<forced_lib>_tracemalloc</forced_lib>
<forced_lib>_warnings</forced_lib>
<forced_lib>_weakref</forced_lib>
<forced_lib>_winapi</forced_lib>
<forced_lib>_winreg</forced_lib>
<forced_lib>array</forced_lib>
<forced_lib>atexit</forced_lib>
<forced_lib>audioop</forced_lib>
<forced_lib>binascii</forced_lib>
<forced_lib>builtins</forced_lib>
<forced_lib>cPickle</forced_lib>
<forced_lib>cStringIO</forced_lib>
<forced_lib>cmath</forced_lib>
<forced_lib>cv2</forced_lib>
<forced_lib>datetime</forced_lib>
<forced_lib>email</forced_lib>
<forced_lib>errno</forced_lib>
<forced_lib>exceptions</forced_lib>
<forced_lib>faulthandler</forced_lib>
<forced_lib>future_builtins</forced_lib>
<forced_lib>gc</forced_lib>
<forced_lib>gi</forced_lib>
<forced_lib>hashlib</forced_lib>
<forced_lib>imageop</forced_lib>
<forced_lib>imp</forced_lib>
<forced_lib>itertools</forced_lib>
<forced_lib>marshal</forced_lib>
<forced_lib>math</forced_lib>
<forced_lib>mmap</forced_lib>
<forced_lib>mock</forced_lib>
<forced_lib>msvcrt</forced_lib>
<forced_lib>multiprocessing</forced_lib>
<forced_lib>mutagen</forced_lib>
<forced_lib>nt</forced_lib>
<forced_lib>numpy</forced_lib>
<forced_lib>operator</forced_lib>
<forced_lib>os</forced_lib>
<forced_lib>os.path</forced_lib>
<forced_lib>parser</forced_lib>
<forced_lib>pytest</forced_lib>
<forced_lib>scipy</forced_lib>
<forced_lib>signal</forced_lib>
<forced_lib>six</forced_lib>
<forced_lib>socket</forced_lib>
<forced_lib>ssl</forced_lib>
<forced_lib>strop</forced_lib>
<forced_lib>sys</forced_lib>
<forced_lib>thread</forced_lib>
<forced_lib>time</forced_lib>
<forced_lib>winreg</forced_lib>
<forced_lib>wx</forced_lib>
<forced_lib>wxPython</forced_lib>
<forced_lib>xxsubtype</forced_lib>
<forced_lib>zipimport</forced_lib>
<forced_lib>zlib</forced_lib>
<string_substitution_var><key>PY</key><value>36</value></string_substitution_var>
</xml>

!STACK 0
java.lang.RuntimeException: Information about process of adding new interpreter:
- Opening dialog to request executable (or jar).
- Chosen interpreter (name and file):'Tuple [python3 -- C:\Users\Anja\AppData\Local\Programs\Python\Python36-32\python.exe]
- Ok, file is non-null. Getting info on:C:\Users\Anja\AppData\Local\Programs\Python\Python36-32\python.exe
- Beggining task:Getting libs totalWork:100
- Setting task name:Mounting executable string...
- Setting task name:Executing:  C:\Users\Anja\AppData\Local\Programs\Python\Python36-32\python.exe -u C:\Users\Anja\.p2\pool\plugins\org.python.pydev.core_6.3.2.201803171248\pysrc\interpreterInfo.py
- Setting task name:Making pythonpath environment... C:\Users\Anja\AppData\Local\Programs\Python\Python36-32\python.exe -u C:\Users\Anja\.p2\pool\plugins\org.python.pydev.core_6.3.2.201803171248\pysrc\interpreterInfo.py
- Setting task name:Making exec... C:\Users\Anja\AppData\Local\Programs\Python\Python36-32\python.exe -u C:\Users\Anja\.p2\pool\plugins\org.python.pydev.core_6.3.2.201803171248\pysrc\interpreterInfo.py
- Setting task name:Reading output...
- Setting task name:Waiting for process to finish.
- Setting task name:Process finished.
- Success getting the info. Result:<xml>
<name>python3</name>
<version>3.6</version>
<executable>C:\Users\Anja\AppData\Local\Programs\Python\Python36-32\python.exe</executable>
<lib>C:\Users\Anja\AppData\Local\Programs\Python\Python36-32\DLLs</lib>
<lib>C:\Users\Anja\AppData\Local\Programs\Python\Python36-32\lib</lib>
<lib>C:\Users\Anja\AppData\Local\Programs\Python\Python36-32</lib>
<lib>C:\Users\Anja\AppData\Local\Programs\Python\Python36-32\lib\site-packages</lib>
<forced_lib>Image</forced_lib>
<forced_lib>OpenGL</forced_lib>
<forced_lib>_ast</forced_lib>
<forced_lib>_bisect</forced_lib>
<forced_lib>_blake2</forced_lib>
<forced_lib>_bytesio</forced_lib>
<forced_lib>_codecs</forced_lib>
<forced_lib>_codecs_cn</forced_lib>
<forced_lib>_codecs_hk</forced_lib>
<forced_lib>_codecs_iso2022</forced_lib>
<forced_lib>_codecs_jp</forced_lib>
<forced_lib>_codecs_kr</forced_lib>
<forced_lib>_codecs_tw</forced_lib>
<forced_lib>_collections</forced_lib>
<forced_lib>_csv</forced_lib>
<forced_lib>_datetime</forced_lib>
<forced_lib>_fileio</forced_lib>
<forced_lib>_functools</forced_lib>
<forced_lib>_heapq</forced_lib>
<forced_lib>_hotshot</forced_lib>
<forced_lib>_imp</forced_lib>
<forced_lib>_io</forced_lib>
<forced_lib>_json</forced_lib>
<forced_lib>_locale</forced_lib>
<forced_lib>_lsprof</forced_lib>
<forced_lib>_md5</forced_lib>
<forced_lib>_multibytecodec</forced_lib>
<forced_lib>_opcode</forced_lib>
<forced_lib>_operator</forced_lib>
<forced_lib>_pickle</forced_lib>
<forced_lib>_random</forced_lib>
<forced_lib>_sha</forced_lib>
<forced_lib>_sha1</forced_lib>
<forced_lib>_sha256</forced_lib>
<forced_lib>_sha3</forced_lib>
<forced_lib>_sha512</forced_lib>
<forced_lib>_signal</forced_lib>
<forced_lib>_sre</forced_lib>
<forced_lib>_stat</forced_lib>
<forced_lib>_string</forced_lib>
<forced_lib>_struct</forced_lib>
<forced_lib>_subprocess</forced_lib>
<forced_lib>_symtable</forced_lib>
<forced_lib>_thread</forced_lib>
<forced_lib>_tracemalloc</forced_lib>
<forced_lib>_warnings</forced_lib>
<forced_lib>_weakref</forced_lib>
<forced_lib>_winapi</forced_lib>
<forced_lib>_winreg</forced_lib>
<forced_lib>array</forced_lib>
<forced_lib>atexit</forced_lib>
<forced_lib>audioop</forced_lib>
<forced_lib>binascii</forced_lib>
<forced_lib>builtins</forced_lib>
<forced_lib>cPickle</forced_lib>
<forced_lib>cStringIO</forced_lib>
<forced_lib>cmath</forced_lib>
<forced_lib>cv2</forced_lib>
<forced_lib>datetime</forced_lib>
<forced_lib>email</forced_lib>
<forced_lib>errno</forced_lib>
<forced_lib>exceptions</forced_lib>
<forced_lib>faulthandler</forced_lib>
<forced_lib>future_builtins</forced_lib>
<forced_lib>gc</forced_lib>
<forced_lib>gi</forced_lib>
<forced_lib>hashlib</forced_lib>
<forced_lib>imageop</forced_lib>
<forced_lib>imp</forced_lib>
<forced_lib>itertools</forced_lib>
<forced_lib>marshal</forced_lib>
<forced_lib>math</forced_lib>
<forced_lib>mmap</forced_lib>
<forced_lib>mock</forced_lib>
<forced_lib>msvcrt</forced_lib>
<forced_lib>multiprocessing</forced_lib>
<forced_lib>mutagen</forced_lib>
<forced_lib>nt</forced_lib>
<forced_lib>numpy</forced_lib>
<forced_lib>operator</forced_lib>
<forced_lib>os</forced_lib>
<forced_lib>os.path</forced_lib>
<forced_lib>parser</forced_lib>
<forced_lib>pytest</forced_lib>
<forced_lib>scipy</forced_lib>
<forced_lib>signal</forced_lib>
<forced_lib>six</forced_lib>
<forced_lib>socket</forced_lib>
<forced_lib>ssl</forced_lib>
<forced_lib>strop</forced_lib>
<forced_lib>sys</forced_lib>
<forced_lib>thread</forced_lib>
<forced_lib>time</forced_lib>
<forced_lib>winreg</forced_lib>
<forced_lib>wx</forced_lib>
<forced_lib>wxPython</forced_lib>
<forced_lib>xxsubtype</forced_lib>
<forced_lib>zipimport</forced_lib>
<forced_lib>zlib</forced_lib>
<string_substitution_var><key>PY</key><value>36</value></string_substitution_var>
</xml>

	at org.python.pydev.core.log.Log.logInfo(Log.java:45)
	at org.python.pydev.ui.pythonpathconf.AbstractInterpreterEditor.getNewInputObject(AbstractInterpreterEditor.java:1024)
	at org.python.copiedfromeclipsesrc.PythonListEditor.addPressed(PythonListEditor.java:133)
	at org.python.copiedfromeclipsesrc.PythonListEditor$1.widgetSelected(PythonListEditor.java:227)
	at org.eclipse.swt.widgets.TypedListener.handleEvent(TypedListener.java:249)
	at org.eclipse.swt.widgets.EventTable.sendEvent(EventTable.java:86)
	at org.eclipse.swt.widgets.Display.sendEvent(Display.java:4428)
	at org.eclipse.swt.widgets.Widget.sendEvent(Widget.java:1079)
	at org.eclipse.swt.widgets.Display.runDeferredEvents(Display.java:4238)
	at org.eclipse.swt.widgets.Display.readAndDispatch(Display.java:3817)
	at org.eclipse.jface.window.Window.runEventLoop(Window.java:818)
	at org.eclipse.jface.window.Window.open(Window.java:794)
	at org.eclipse.ui.internal.dialogs.WorkbenchPreferenceDialog.open(WorkbenchPreferenceDialog.java:211)
	at org.python.pydev.ui.PyProjectPythonDetails$ProjectInterpreterAndGrammarConfig$2.widgetSelected(PyProjectPythonDetails.java:246)
	at org.eclipse.swt.widgets.TypedListener.handleEvent(TypedListener.java:249)
	at org.eclipse.swt.widgets.EventTable.sendEvent(EventTable.java:86)
	at org.eclipse.swt.widgets.Display.sendEvent(Display.java:4428)
	at org.eclipse.swt.widgets.Widget.sendEvent(Widget.java:1079)
	at org.eclipse.swt.widgets.Widget.sendEvent(Widget.java:1103)
	at org.eclipse.swt.widgets.Widget.sendSelectionEvent(Widget.java:1120)
	at org.eclipse.swt.widgets.Link.WM_LBUTTONUP(Link.java:1035)
	at org.eclipse.swt.widgets.Control.windowProc(Control.java:4880)
	at org.eclipse.swt.widgets.Display.windowProc(Display.java:5178)
	at org.eclipse.swt.internal.win32.OS.DispatchMessageW(Native Method)
	at org.eclipse.swt.internal.win32.OS.DispatchMessage(OS.java:2560)
	at org.eclipse.swt.widgets.Display.readAndDispatch(Display.java:3815)
	at org.eclipse.jface.window.Window.runEventLoop(Window.java:818)
	at org.eclipse.jface.window.Window.open(Window.java:794)
	at org.eclipse.ui.dialogs.PropertyDialogAction.run(PropertyDialogAction.java:157)
	at org.eclipse.jface.action.Action.runWithEvent(Action.java:473)
	at org.eclipse.jface.action.ActionContributionItem.handleWidgetSelection(ActionContributionItem.java:565)
	at org.eclipse.jface.action.ActionContributionItem.lambda$4(ActionContributionItem.java:397)
	at org.eclipse.swt.widgets.EventTable.sendEvent(EventTable.java:86)
	at org.eclipse.swt.widgets.Display.sendEvent(Display.java:4428)
	at org.eclipse.swt.widgets.Widget.sendEvent(Widget.java:1079)
	at org.eclipse.swt.widgets.Display.runDeferredEvents(Display.java:4238)
	at org.eclipse.swt.widgets.Display.readAndDispatch(Display.java:3817)
	at org.eclipse.e4.ui.internal.workbench.swt.PartRenderingEngine$5.run(PartRenderingEngine.java:1150)
	at org.eclipse.core.databinding.observable.Realm.runWithDefault(Realm.java:336)
	at org.eclipse.e4.ui.internal.workbench.swt.PartRenderingEngine.run(PartRenderingEngine.java:1039)
	at org.eclipse.e4.ui.internal.workbench.E4Workbench.createAndRunUI(E4Workbench.java:153)
	at org.eclipse.ui.internal.Workbench.lambda$3(Workbench.java:680)
	at org.eclipse.core.databinding.observable.Realm.runWithDefault(Realm.java:336)
	at org.eclipse.ui.internal.Workbench.createAndRunWorkbench(Workbench.java:594)
	at org.eclipse.ui.PlatformUI.createAndRunWorkbench(PlatformUI.java:148)
	at org.eclipse.ui.internal.ide.application.IDEApplication.start(IDEApplication.java:151)
	at org.eclipse.equinox.internal.app.EclipseAppHandle.run(EclipseAppHandle.java:196)
	at org.eclipse.core.runtime.internal.adaptor.EclipseAppLauncher.runApplication(EclipseAppLauncher.java:134)
	at org.eclipse.core.runtime.internal.adaptor.EclipseAppLauncher.start(EclipseAppLauncher.java:104)
	at org.eclipse.core.runtime.adaptor.EclipseStarter.run(EclipseStarter.java:388)
	at org.eclipse.core.runtime.adaptor.EclipseStarter.run(EclipseStarter.java:243)
	at sun.reflect.NativeMethodAccessorImpl.invoke0(Native Method)
	at sun.reflect.NativeMethodAccessorImpl.invoke(Unknown Source)
	at sun.reflect.DelegatingMethodAccessorImpl.invoke(Unknown Source)
	at java.lang.reflect.Method.invoke(Unknown Source)
	at org.eclipse.equinox.launcher.Main.invokeFramework(Main.java:653)
	at org.eclipse.equinox.launcher.Main.basicRun(Main.java:590)
	at org.eclipse.equinox.launcher.Main.run(Main.java:1499)

!ENTRY org.python.pydev.shared_core 1 1 2018-10-29 09:20:20.081
!MESSAGE Restoring info for: C:\Users\Anja\AppData\Local\Programs\Python\Python36-32\python.exe
!STACK 0
java.lang.RuntimeException: Restoring info for: C:\Users\Anja\AppData\Local\Programs\Python\Python36-32\python.exe
	at org.python.pydev.ast.interpreter_managers.AbstractInterpreterManager.getInterpretersFromPersistedString(AbstractInterpreterManager.java:453)
	at org.python.pydev.ast.interpreter_managers.AbstractInterpreterManager.internalRecreateCacheGetInterpreterInfos(AbstractInterpreterManager.java:279)
	at org.python.pydev.ast.interpreter_managers.AbstractInterpreterManager.setInfos(AbstractInterpreterManager.java:576)
	at org.python.pydev.ui.pythonpathconf.AbstractInterpreterPreferencesPage$5.run(AbstractInterpreterPreferencesPage.java:284)
	at org.eclipse.jface.operation.ModalContext$ModalContextThread.run(ModalContext.java:119)
Caused by: java.io.IOException: Expecting: C:\omaTimer\.metadata\.plugins\org.python.pydev\v1_6cghmmhon19oadxqjdwuz3ywc\modulesKeys to exist (and be a file).
	at org.python.pydev.ast.codecompletion.revisited.ModulesManager.loadFromFile(ModulesManager.java:296)
	at org.python.pydev.ast.codecompletion.revisited.SystemModulesManager.load(SystemModulesManager.java:400)
	at org.python.pydev.ast.interpreter_managers.AbstractInterpreterManager.getInterpretersFromPersistedString(AbstractInterpreterManager.java:451)
	... 4 more

!ENTRY org.python.pydev.shared_core 1 1 2018-10-29 09:20:34.990
!MESSAGE Finished restoring information for: C:\Users\Anja\AppData\Local\Programs\Python\Python36-32\python.exe at: C:\omaTimer\.metadata\.plugins\org.python.pydev\v1_6cghmmhon19oadxqjdwuz3ywc
!STACK 0
java.lang.RuntimeException: Finished restoring information for: C:\Users\Anja\AppData\Local\Programs\Python\Python36-32\python.exe at: C:\omaTimer\.metadata\.plugins\org.python.pydev\v1_6cghmmhon19oadxqjdwuz3ywc
	at org.python.pydev.core.log.Log.logInfo(Log.java:45)
	at org.python.pydev.ast.interpreter_managers.AbstractInterpreterManager.getInterpretersFromPersistedString(AbstractInterpreterManager.java:498)
	at org.python.pydev.ast.interpreter_managers.AbstractInterpreterManager.internalRecreateCacheGetInterpreterInfos(AbstractInterpreterManager.java:279)
	at org.python.pydev.ast.interpreter_managers.AbstractInterpreterManager.setInfos(AbstractInterpreterManager.java:576)
	at org.python.pydev.ui.pythonpathconf.AbstractInterpreterPreferencesPage$5.run(AbstractInterpreterPreferencesPage.java:284)
	at org.eclipse.jface.operation.ModalContext$ModalContextThread.run(ModalContext.java:119)

!ENTRY org.python.pydev.shared_core 4 4 2018-10-29 09:20:43.424
!MESSAGE Info: Rebuilding internal caches: C:\omaTimer\.metadata\.plugins\com.python.pydev.analysis\python_v1_6cghmmhon19oadxqjdwuz3ywc\python.pydevsysteminfo (Expected error to be provided and got no error!)

!ENTRY org.python.pydev.shared_core 4 4 2018-10-29 09:23:35.043
!MESSAGE ERROR reading shell. Message sent: [Ljava.lang.String;@7c34d67b

ProcessInfo:

 - Executed: C:\Users\Anja\AppData\Local\Programs\Python\Python36-32\python.exe -u C:\Users\Anja\.p2\pool\plugins\org.python.pydev.core_6.3.2.201803171248\pysrc\pycompletionserver.py 65368

 - Environment:
ALLUSERSPROFILE=C:\ProgramData
APPDATA=C:\Users\Anja\AppData\Roaming
COMMONPROGRAMFILES(X86)=C:\Program Files (x86)\Common Files
COMMONPROGRAMFILES=C:\Program Files\Common Files
COMMONPROGRAMW6432=C:\Program Files\Common Files
COMPUTERNAME=JONAS
COMSPEC=C:\WINDOWS\system32\cmd.exe
CONFIGSETROOT=C:\WINDOWS\ConfigSetRoot
DRIVERDATA=C:\Windows\System32\Drivers\DriverData
EASYPLUSSDK="C:\Program Files (x86)\Common Files\lenovo\easyplussdk\bin"
FPS_BROWSER_APP_PROFILE_STRING=Internet Explorer
FPS_BROWSER_USER_PROFILE_STRING=Default
FP_NO_HOST_CHECK=NO
GOOGLE_API_KEY=no
GOOGLE_DEFAULT_CLIENT_ID=no
GOOGLE_DEFAULT_CLIENT_SECRET=no
GTK_BASEPATH=C:\Program Files (x86)\GtkSharp\2.12\
HOMEDRIVE=C:
HOMEPATH=\Users\Anja
LOCALAPPDATA=C:\Users\Anja\AppData\Local
LOGONSERVER=\\JONAS
NUMBER_OF_PROCESSORS=4
ONEDRIVE=C:\Users\Anja\OneDrive
OS=Windows_NT
PATH=C:/Program Files/Java/jre1.8.0_91/bin/server;C:/Program Files/Java/jre1.8.0_91/bin;C:/Program Files/Java/jre1.8.0_91/lib/amd64;C:\ProgramData\Oracle\Java\javapath;C:\Program Files (x86)\Lenovo\FusionEngine;C:\Program Files (x86)\Intel\iCLS Client\;C:\Program Files\Intel\iCLS Client\;C:\WINDOWS\system32;C:\WINDOWS;C:\WINDOWS\System32\Wbem;C:\WINDOWS\System32\WindowsPowerShell\v1.0\;C:\Program Files\Intel\Intel(R) Management Engine Components\DAL;C:\Program Files\Intel\Intel(R) Management Engine Components\IPT;C:\Program Files (x86)\Intel\Intel(R) Management Engine Components\DAL;C:\Program Files (x86)\Intel\Intel(R) Management Engine Components\IPT;C:\Program Files\Lenovo\Bluetooth Software\;C:\Program Files\Lenovo\Bluetooth Software\syswow64;C:\Program Files (x86)\Common Files\lenovo\easyplussdk\bin;C:\Program Files (x86)\Windows Live\Shared;C:\Program Files (x86)\Common Files\Acronis\VirtualFile\;C:\Program Files (x86)\Common Files\Acronis\VirtualFile64\;C:\Program Files (x86)\Common Files\Acronis\SnapAPI\;C:\Program Files (x86)\QuickTime\QTSystem\;C:\Program Files (x86)\NVIDIA Corporation\PhysX\Common;C:\Program Files (x86)\GtkSharp\2.12\bin;C:\Program Files (x86)\PuTTY\;C:\WINDOWS\system32;C:\WINDOWS;C:\WINDOWS\System32\Wbem;C:\WINDOWS\System32\WindowsPowerShell\v1.0\;C:\WINDOWS\System32\OpenSSH\;C:\Program Files\Git\cmd;C:\Users\Anja\AppData\Local\Microsoft\WindowsApps;;C:\WINDOWS\system32;
PATHEXT=.COM;.EXE;.BAT;.CMD;.VBS;.VBE;.JS;.JSE;.WSF;.WSH;.MSC
PROCESSOR_ARCHITECTURE=AMD64
PROCESSOR_IDENTIFIER=Intel64 Family 6 Model 69 Stepping 1, GenuineIntel
PROCESSOR_LEVEL=6
PROCESSOR_REVISION=4501
PROGRAMDATA=C:\ProgramData
PROGRAMFILES(X86)=C:\Program Files (x86)
PROGRAMFILES=C:\Program Files
PROGRAMW6432=C:\Program Files
PROMPT=$P$G
PSMODULEPATH=C:\WINDOWS\system32\WindowsPowerShell\v1.0\Modules\
PUBLIC=C:\Users\Public
PYTHONPATH=C:\Users\Anja\.p2\pool\plugins\org.python.pydev.core_6.3.2.201803171248\pysrc\pydev_sitecustomize;C:\Users\Anja\AppData\Local\Programs\Python\Python36-32\DLLs;C:\Users\Anja\AppData\Local\Programs\Python\Python36-32\lib;C:\Users\Anja\AppData\Local\Programs\Python\Python36-32;C:\Users\Anja\AppData\Local\Programs\Python\Python36-32\lib\site-packages
SESSIONNAME=Console
SYSTEMDRIVE=C:
SYSTEMROOT=C:\WINDOWS
TEMP=C:\Users\Anja\AppData\Local\Temp
TMP=C:\Users\Anja\AppData\Local\Temp
USERDOMAIN=JONAS
USERDOMAIN_ROAMINGPROFILE=JONAS
USERNAME=Anja
USERPROFILE=C:\Users\Anja
WINDIR=C:\WINDOWS

 - Working Dir:
C:\Users\Anja\eclipse\java-oxygen\eclipse\..\..\..\.p2\pool\plugins\org.python.pydev.core_6.3.2.201803171248\pysrc

 - OS:
Windows 10

 - Std output:


 - Err output:

!STACK 0
java.io.IOException: Eine vorhandene Verbindung wurde vom Remotehost geschlossen
	at sun.nio.ch.SocketDispatcher.read0(Native Method)
	at sun.nio.ch.SocketDispatcher.read(Unknown Source)
	at sun.nio.ch.IOUtil.readIntoNativeBuffer(Unknown Source)
	at sun.nio.ch.IOUtil.read(Unknown Source)
	at sun.nio.ch.SocketChannelImpl.read(Unknown Source)
	at sun.nio.ch.SocketAdaptor$SocketInputStream.read(Unknown Source)
	at sun.nio.ch.ChannelInputStream.read(Unknown Source)
	at java.io.InputStream.read(Unknown Source)
	at org.python.pydev.ast.codecompletion.shell.AbstractShell.read(AbstractShell.java:455)
	at org.python.pydev.ast.codecompletion.shell.AbstractShell.read(AbstractShell.java:507)
	at org.python.pydev.ast.codecompletion.shell.AbstractShell.writeAndGetResults(AbstractShell.java:693)
	at org.python.pydev.ast.codecompletion.shell.AbstractShell.getImportCompletions(AbstractShell.java:757)
	at org.python.pydev.ast.codecompletion.revisited.modules.CompiledModule.createTokensFromServer(CompiledModule.java:376)
	at org.python.pydev.ast.codecompletion.revisited.modules.CompiledModule.<init>(CompiledModule.java:179)
	at org.python.pydev.ast.codecompletion.revisited.modules.AbstractModule.createModule(AbstractModule.java:293)
	at org.python.pydev.ast.codecompletion.revisited.ModulesManager.getModule(ModulesManager.java:951)
	at org.python.pydev.ast.codecompletion.revisited.ModulesManager.getModule(ModulesManager.java:790)
	at org.python.pydev.ast.codecompletion.revisited.SystemModulesManager.getModule(SystemModulesManager.java:379)
	at com.python.pydev.analysis.additionalinfo.AbstractAdditionalDependencyInfo.updateKeysIfNeededAndSave(AbstractAdditionalDependencyInfo.java:259)
	at com.python.pydev.analysis.system_info_builder.InterpreterInfoBuilder.syncInfoToPythonPath(InterpreterInfoBuilder.java:160)
	at com.python.pydev.analysis.system_info_builder.InterpreterInfoBuilder.syncInfoToPythonPath(InterpreterInfoBuilder.java:86)
	at org.python.pydev.ast.codecompletion.revisited.SyncSystemModulesManager.synchronizeManagerToNameToInfoPythonpath(SyncSystemModulesManager.java:392)
	at org.python.pydev.ast.codecompletion.revisited.SyncSystemModulesManagerScheduler$SynchJob.run(SyncSystemModulesManagerScheduler.java:257)
	at org.eclipse.core.internal.jobs.Worker.run(Worker.java:56)

!ENTRY org.python.pydev.shared_core 4 4 2018-10-29 09:24:03.975
!MESSAGE ERROR reading shell. Message sent: [Ljava.lang.String;@567fc53d

ProcessInfo:

 - Executed: C:\Users\Anja\AppData\Local\Programs\Python\Python36-32\python.exe -u C:\Users\Anja\.p2\pool\plugins\org.python.pydev.core_6.3.2.201803171248\pysrc\pycompletionserver.py 65379

 - Environment:
ALLUSERSPROFILE=C:\ProgramData
APPDATA=C:\Users\Anja\AppData\Roaming
COMMONPROGRAMFILES(X86)=C:\Program Files (x86)\Common Files
COMMONPROGRAMFILES=C:\Program Files\Common Files
COMMONPROGRAMW6432=C:\Program Files\Common Files
COMPUTERNAME=JONAS
COMSPEC=C:\WINDOWS\system32\cmd.exe
CONFIGSETROOT=C:\WINDOWS\ConfigSetRoot
DRIVERDATA=C:\Windows\System32\Drivers\DriverData
EASYPLUSSDK="C:\Program Files (x86)\Common Files\lenovo\easyplussdk\bin"
FPS_BROWSER_APP_PROFILE_STRING=Internet Explorer
FPS_BROWSER_USER_PROFILE_STRING=Default
FP_NO_HOST_CHECK=NO
GOOGLE_API_KEY=no
GOOGLE_DEFAULT_CLIENT_ID=no
GOOGLE_DEFAULT_CLIENT_SECRET=no
GTK_BASEPATH=C:\Program Files (x86)\GtkSharp\2.12\
HOMEDRIVE=C:
HOMEPATH=\Users\Anja
LOCALAPPDATA=C:\Users\Anja\AppData\Local
LOGONSERVER=\\JONAS
NUMBER_OF_PROCESSORS=4
ONEDRIVE=C:\Users\Anja\OneDrive
OS=Windows_NT
PATH=C:/Program Files/Java/jre1.8.0_91/bin/server;C:/Program Files/Java/jre1.8.0_91/bin;C:/Program Files/Java/jre1.8.0_91/lib/amd64;C:\ProgramData\Oracle\Java\javapath;C:\Program Files (x86)\Lenovo\FusionEngine;C:\Program Files (x86)\Intel\iCLS Client\;C:\Program Files\Intel\iCLS Client\;C:\WINDOWS\system32;C:\WINDOWS;C:\WINDOWS\System32\Wbem;C:\WINDOWS\System32\WindowsPowerShell\v1.0\;C:\Program Files\Intel\Intel(R) Management Engine Components\DAL;C:\Program Files\Intel\Intel(R) Management Engine Components\IPT;C:\Program Files (x86)\Intel\Intel(R) Management Engine Components\DAL;C:\Program Files (x86)\Intel\Intel(R) Management Engine Components\IPT;C:\Program Files\Lenovo\Bluetooth Software\;C:\Program Files\Lenovo\Bluetooth Software\syswow64;C:\Program Files (x86)\Common Files\lenovo\easyplussdk\bin;C:\Program Files (x86)\Windows Live\Shared;C:\Program Files (x86)\Common Files\Acronis\VirtualFile\;C:\Program Files (x86)\Common Files\Acronis\VirtualFile64\;C:\Program Files (x86)\Common Files\Acronis\SnapAPI\;C:\Program Files (x86)\QuickTime\QTSystem\;C:\Program Files (x86)\NVIDIA Corporation\PhysX\Common;C:\Program Files (x86)\GtkSharp\2.12\bin;C:\Program Files (x86)\PuTTY\;C:\WINDOWS\system32;C:\WINDOWS;C:\WINDOWS\System32\Wbem;C:\WINDOWS\System32\WindowsPowerShell\v1.0\;C:\WINDOWS\System32\OpenSSH\;C:\Program Files\Git\cmd;C:\Users\Anja\AppData\Local\Microsoft\WindowsApps;;C:\WINDOWS\system32;
PATHEXT=.COM;.EXE;.BAT;.CMD;.VBS;.VBE;.JS;.JSE;.WSF;.WSH;.MSC
PROCESSOR_ARCHITECTURE=AMD64
PROCESSOR_IDENTIFIER=Intel64 Family 6 Model 69 Stepping 1, GenuineIntel
PROCESSOR_LEVEL=6
PROCESSOR_REVISION=4501
PROGRAMDATA=C:\ProgramData
PROGRAMFILES(X86)=C:\Program Files (x86)
PROGRAMFILES=C:\Program Files
PROGRAMW6432=C:\Program Files
PROMPT=$P$G
PSMODULEPATH=C:\WINDOWS\system32\WindowsPowerShell\v1.0\Modules\
PUBLIC=C:\Users\Public
PYTHONPATH=C:\Users\Anja\.p2\pool\plugins\org.python.pydev.core_6.3.2.201803171248\pysrc\pydev_sitecustomize;C:\Users\Anja\AppData\Local\Programs\Python\Python36-32\DLLs;C:\Users\Anja\AppData\Local\Programs\Python\Python36-32\lib;C:\Users\Anja\AppData\Local\Programs\Python\Python36-32;C:\Users\Anja\AppData\Local\Programs\Python\Python36-32\lib\site-packages
SESSIONNAME=Console
SYSTEMDRIVE=C:
SYSTEMROOT=C:\WINDOWS
TEMP=C:\Users\Anja\AppData\Local\Temp
TMP=C:\Users\Anja\AppData\Local\Temp
USERDOMAIN=JONAS
USERDOMAIN_ROAMINGPROFILE=JONAS
USERNAME=Anja
USERPROFILE=C:\Users\Anja
WINDIR=C:\WINDOWS

 - Working Dir:
C:\Users\Anja\eclipse\java-oxygen\eclipse\..\..\..\.p2\pool\plugins\org.python.pydev.core_6.3.2.201803171248\pysrc

 - OS:
Windows 10

 - Std output:


 - Err output:
Fatal Python error: (pygame parachute) Segmentation Fault

Current thread 0x0000095c (most recent call first):
  File "C:\Users\Anja\AppData\Local\Programs\Python\Python36-32\lib\inspect.py", line 1833 in _signature_is_functionlike
  File "C:\Users\Anja\AppData\Local\Programs\Python\Python36-32\lib\inspect.py", line 2259 in _signature_from_callable
  File "C:\Users\Anja\AppData\Local\Programs\Python\Python36-32\lib\inspect.py", line 1119 in getfullargspec
  File "C:\Users\Anja\AppData\Local\Programs\Python\Python36-32\lib\inspect.py", line 1073 in getargspec
  File "C:\Users\Anja\.p2\pool\plugins\org.python.pydev.core_6.3.2.201803171248\pysrc\_pydev_bundle\_pydev_imports_tipper.py", line 215 in generate_imports_tip_for_module
  File "C:\Users\Anja\.p2\pool\plugins\org.python.pydev.core_6.3.2.201803171248\pysrc\_pydev_bundle\_pydev_imports_tipper.py", line 134 in generate_tip
  File "C:\Users\Anja\.p2\pool\plugins\org.python.pydev.core_6.3.2.201803171248\pysrc\pycompletionserver.py", line 287 in run
  File "C:\Users\Anja\.p2\pool\plugins\org.python.pydev.core_6.3.2.201803171248\pysrc\pycompletionserver.py", line 405 in <module>

!STACK 0
java.io.IOException: Eine vorhandene Verbindung wurde vom Remotehost geschlossen
	at sun.nio.ch.SocketDispatcher.read0(Native Method)
	at sun.nio.ch.SocketDispatcher.read(Unknown Source)
	at sun.nio.ch.IOUtil.readIntoNativeBuffer(Unknown Source)
	at sun.nio.ch.IOUtil.read(Unknown Source)
	at sun.nio.ch.SocketChannelImpl.read(Unknown Source)
	at sun.nio.ch.SocketAdaptor$SocketInputStream.read(Unknown Source)
	at sun.nio.ch.ChannelInputStream.read(Unknown Source)
	at java.io.InputStream.read(Unknown Source)
	at org.python.pydev.ast.codecompletion.shell.AbstractShell.read(AbstractShell.java:455)
	at org.python.pydev.ast.codecompletion.shell.AbstractShell.read(AbstractShell.java:507)
	at org.python.pydev.ast.codecompletion.shell.AbstractShell.writeAndGetResults(AbstractShell.java:693)
	at org.python.pydev.ast.codecompletion.shell.AbstractShell.getImportCompletions(AbstractShell.java:757)
	at org.python.pydev.ast.codecompletion.revisited.modules.CompiledModule.createTokensFromServer(CompiledModule.java:376)
	at org.python.pydev.ast.codecompletion.revisited.modules.CompiledModule.<init>(CompiledModule.java:179)
	at org.python.pydev.ast.codecompletion.revisited.modules.AbstractModule.createModule(AbstractModule.java:293)
	at org.python.pydev.ast.codecompletion.revisited.ModulesManager.getModule(ModulesManager.java:951)
	at org.python.pydev.ast.codecompletion.revisited.ModulesManager.getModule(ModulesManager.java:790)
	at org.python.pydev.ast.codecompletion.revisited.SystemModulesManager.getModule(SystemModulesManager.java:379)
	at com.python.pydev.analysis.additionalinfo.AbstractAdditionalDependencyInfo.updateKeysIfNeededAndSave(AbstractAdditionalDependencyInfo.java:259)
	at com.python.pydev.analysis.system_info_builder.InterpreterInfoBuilder.syncInfoToPythonPath(InterpreterInfoBuilder.java:160)
	at com.python.pydev.analysis.system_info_builder.InterpreterInfoBuilder.syncInfoToPythonPath(InterpreterInfoBuilder.java:86)
	at org.python.pydev.ast.codecompletion.revisited.SyncSystemModulesManager.synchronizeManagerToNameToInfoPythonpath(SyncSystemModulesManager.java:392)
	at org.python.pydev.ast.codecompletion.revisited.SyncSystemModulesManagerScheduler$SynchJob.run(SyncSystemModulesManagerScheduler.java:257)
	at org.eclipse.core.internal.jobs.Worker.run(Worker.java:56)

!ENTRY org.python.pydev.shared_core 4 4 2018-10-29 09:24:12.204
!MESSAGE ERROR reading shell. Message sent: [Ljava.lang.String;@41a5f138

ProcessInfo:

 - Executed: C:\Users\Anja\AppData\Local\Programs\Python\Python36-32\python.exe -u C:\Users\Anja\.p2\pool\plugins\org.python.pydev.core_6.3.2.201803171248\pysrc\pycompletionserver.py 65402

 - Environment:
ALLUSERSPROFILE=C:\ProgramData
APPDATA=C:\Users\Anja\AppData\Roaming
COMMONPROGRAMFILES(X86)=C:\Program Files (x86)\Common Files
COMMONPROGRAMFILES=C:\Program Files\Common Files
COMMONPROGRAMW6432=C:\Program Files\Common Files
COMPUTERNAME=JONAS
COMSPEC=C:\WINDOWS\system32\cmd.exe
CONFIGSETROOT=C:\WINDOWS\ConfigSetRoot
DRIVERDATA=C:\Windows\System32\Drivers\DriverData
EASYPLUSSDK="C:\Program Files (x86)\Common Files\lenovo\easyplussdk\bin"
FPS_BROWSER_APP_PROFILE_STRING=Internet Explorer
FPS_BROWSER_USER_PROFILE_STRING=Default
FP_NO_HOST_CHECK=NO
GOOGLE_API_KEY=no
GOOGLE_DEFAULT_CLIENT_ID=no
GOOGLE_DEFAULT_CLIENT_SECRET=no
GTK_BASEPATH=C:\Program Files (x86)\GtkSharp\2.12\
HOMEDRIVE=C:
HOMEPATH=\Users\Anja
LOCALAPPDATA=C:\Users\Anja\AppData\Local
LOGONSERVER=\\JONAS
NUMBER_OF_PROCESSORS=4
ONEDRIVE=C:\Users\Anja\OneDrive
OS=Windows_NT
PATH=C:/Program Files/Java/jre1.8.0_91/bin/server;C:/Program Files/Java/jre1.8.0_91/bin;C:/Program Files/Java/jre1.8.0_91/lib/amd64;C:\ProgramData\Oracle\Java\javapath;C:\Program Files (x86)\Lenovo\FusionEngine;C:\Program Files (x86)\Intel\iCLS Client\;C:\Program Files\Intel\iCLS Client\;C:\WINDOWS\system32;C:\WINDOWS;C:\WINDOWS\System32\Wbem;C:\WINDOWS\System32\WindowsPowerShell\v1.0\;C:\Program Files\Intel\Intel(R) Management Engine Components\DAL;C:\Program Files\Intel\Intel(R) Management Engine Components\IPT;C:\Program Files (x86)\Intel\Intel(R) Management Engine Components\DAL;C:\Program Files (x86)\Intel\Intel(R) Management Engine Components\IPT;C:\Program Files\Lenovo\Bluetooth Software\;C:\Program Files\Lenovo\Bluetooth Software\syswow64;C:\Program Files (x86)\Common Files\lenovo\easyplussdk\bin;C:\Program Files (x86)\Windows Live\Shared;C:\Program Files (x86)\Common Files\Acronis\VirtualFile\;C:\Program Files (x86)\Common Files\Acronis\VirtualFile64\;C:\Program Files (x86)\Common Files\Acronis\SnapAPI\;C:\Program Files (x86)\QuickTime\QTSystem\;C:\Program Files (x86)\NVIDIA Corporation\PhysX\Common;C:\Program Files (x86)\GtkSharp\2.12\bin;C:\Program Files (x86)\PuTTY\;C:\WINDOWS\system32;C:\WINDOWS;C:\WINDOWS\System32\Wbem;C:\WINDOWS\System32\WindowsPowerShell\v1.0\;C:\WINDOWS\System32\OpenSSH\;C:\Program Files\Git\cmd;C:\Users\Anja\AppData\Local\Microsoft\WindowsApps;;C:\WINDOWS\system32;
PATHEXT=.COM;.EXE;.BAT;.CMD;.VBS;.VBE;.JS;.JSE;.WSF;.WSH;.MSC
PROCESSOR_ARCHITECTURE=AMD64
PROCESSOR_IDENTIFIER=Intel64 Family 6 Model 69 Stepping 1, GenuineIntel
PROCESSOR_LEVEL=6
PROCESSOR_REVISION=4501
PROGRAMDATA=C:\ProgramData
PROGRAMFILES(X86)=C:\Program Files (x86)
PROGRAMFILES=C:\Program Files
PROGRAMW6432=C:\Program Files
PROMPT=$P$G
PSMODULEPATH=C:\WINDOWS\system32\WindowsPowerShell\v1.0\Modules\
PUBLIC=C:\Users\Public
PYTHONPATH=C:\Users\Anja\.p2\pool\plugins\org.python.pydev.core_6.3.2.201803171248\pysrc\pydev_sitecustomize;C:\Users\Anja\AppData\Local\Programs\Python\Python36-32\DLLs;C:\Users\Anja\AppData\Local\Programs\Python\Python36-32\lib;C:\Users\Anja\AppData\Local\Programs\Python\Python36-32;C:\Users\Anja\AppData\Local\Programs\Python\Python36-32\lib\site-packages
SESSIONNAME=Console
SYSTEMDRIVE=C:
SYSTEMROOT=C:\WINDOWS
TEMP=C:\Users\Anja\AppData\Local\Temp
TMP=C:\Users\Anja\AppData\Local\Temp
USERDOMAIN=JONAS
USERDOMAIN_ROAMINGPROFILE=JONAS
USERNAME=Anja
USERPROFILE=C:\Users\Anja
WINDIR=C:\WINDOWS

 - Working Dir:
C:\Users\Anja\eclipse\java-oxygen\eclipse\..\..\..\.p2\pool\plugins\org.python.pydev.core_6.3.2.201803171248\pysrc

 - OS:
Windows 10

 - Std output:


 - Err output:

!STACK 0
java.io.IOException: Eine vorhandene Verbindung wurde vom Remotehost geschlossen
	at sun.nio.ch.SocketDispatcher.read0(Native Method)
	at sun.nio.ch.SocketDispatcher.read(Unknown Source)
	at sun.nio.ch.IOUtil.readIntoNativeBuffer(Unknown Source)
	at sun.nio.ch.IOUtil.read(Unknown Source)
	at sun.nio.ch.SocketChannelImpl.read(Unknown Source)
	at sun.nio.ch.SocketAdaptor$SocketInputStream.read(Unknown Source)
	at sun.nio.ch.ChannelInputStream.read(Unknown Source)
	at java.io.InputStream.read(Unknown Source)
	at org.python.pydev.ast.codecompletion.shell.AbstractShell.read(AbstractShell.java:455)
	at org.python.pydev.ast.codecompletion.shell.AbstractShell.read(AbstractShell.java:507)
	at org.python.pydev.ast.codecompletion.shell.AbstractShell.writeAndGetResults(AbstractShell.java:693)
	at org.python.pydev.ast.codecompletion.shell.AbstractShell.getImportCompletions(AbstractShell.java:757)
	at org.python.pydev.ast.codecompletion.revisited.modules.CompiledModule.createTokensFromServer(CompiledModule.java:376)
	at org.python.pydev.ast.codecompletion.revisited.modules.CompiledModule.<init>(CompiledModule.java:179)
	at org.python.pydev.ast.codecompletion.revisited.modules.AbstractModule.createModule(AbstractModule.java:293)
	at org.python.pydev.ast.codecompletion.revisited.ModulesManager.getModule(ModulesManager.java:951)
	at org.python.pydev.ast.codecompletion.revisited.ModulesManager.getModule(ModulesManager.java:790)
	at org.python.pydev.ast.codecompletion.revisited.SystemModulesManager.getModule(SystemModulesManager.java:379)
	at com.python.pydev.analysis.additionalinfo.AbstractAdditionalDependencyInfo.updateKeysIfNeededAndSave(AbstractAdditionalDependencyInfo.java:259)
	at com.python.pydev.analysis.system_info_builder.InterpreterInfoBuilder.syncInfoToPythonPath(InterpreterInfoBuilder.java:160)
	at com.python.pydev.analysis.system_info_builder.InterpreterInfoBuilder.syncInfoToPythonPath(InterpreterInfoBuilder.java:86)
	at org.python.pydev.ast.codecompletion.revisited.SyncSystemModulesManager.synchronizeManagerToNameToInfoPythonpath(SyncSystemModulesManager.java:392)
	at org.python.pydev.ast.codecompletion.revisited.SyncSystemModulesManagerScheduler$SynchJob.run(SyncSystemModulesManagerScheduler.java:257)
	at org.eclipse.core.internal.jobs.Worker.run(Worker.java:56)

!ENTRY org.python.pydev.shared_core 4 4 2018-10-29 09:28:15.018
!MESSAGE ERROR reading shell. Message sent: [Ljava.lang.String;@1e69bb84

ProcessInfo:

 - Executed: C:\Users\Anja\AppData\Local\Programs\Python\Python36-32\python.exe -u C:\Users\Anja\.p2\pool\plugins\org.python.pydev.core_6.3.2.201803171248\pysrc\pycompletionserver.py 49214

 - Environment:
ALLUSERSPROFILE=C:\ProgramData
APPDATA=C:\Users\Anja\AppData\Roaming
COMMONPROGRAMFILES(X86)=C:\Program Files (x86)\Common Files
COMMONPROGRAMFILES=C:\Program Files\Common Files
COMMONPROGRAMW6432=C:\Program Files\Common Files
COMPUTERNAME=JONAS
COMSPEC=C:\WINDOWS\system32\cmd.exe
CONFIGSETROOT=C:\WINDOWS\ConfigSetRoot
DRIVERDATA=C:\Windows\System32\Drivers\DriverData
EASYPLUSSDK="C:\Program Files (x86)\Common Files\lenovo\easyplussdk\bin"
FPS_BROWSER_APP_PROFILE_STRING=Internet Explorer
FPS_BROWSER_USER_PROFILE_STRING=Default
FP_NO_HOST_CHECK=NO
GOOGLE_API_KEY=no
GOOGLE_DEFAULT_CLIENT_ID=no
GOOGLE_DEFAULT_CLIENT_SECRET=no
GTK_BASEPATH=C:\Program Files (x86)\GtkSharp\2.12\
HOMEDRIVE=C:
HOMEPATH=\Users\Anja
LOCALAPPDATA=C:\Users\Anja\AppData\Local
LOGONSERVER=\\JONAS
NUMBER_OF_PROCESSORS=4
ONEDRIVE=C:\Users\Anja\OneDrive
OS=Windows_NT
PATH=C:/Program Files/Java/jre1.8.0_91/bin/server;C:/Program Files/Java/jre1.8.0_91/bin;C:/Program Files/Java/jre1.8.0_91/lib/amd64;C:\ProgramData\Oracle\Java\javapath;C:\Program Files (x86)\Lenovo\FusionEngine;C:\Program Files (x86)\Intel\iCLS Client\;C:\Program Files\Intel\iCLS Client\;C:\WINDOWS\system32;C:\WINDOWS;C:\WINDOWS\System32\Wbem;C:\WINDOWS\System32\WindowsPowerShell\v1.0\;C:\Program Files\Intel\Intel(R) Management Engine Components\DAL;C:\Program Files\Intel\Intel(R) Management Engine Components\IPT;C:\Program Files (x86)\Intel\Intel(R) Management Engine Components\DAL;C:\Program Files (x86)\Intel\Intel(R) Management Engine Components\IPT;C:\Program Files\Lenovo\Bluetooth Software\;C:\Program Files\Lenovo\Bluetooth Software\syswow64;C:\Program Files (x86)\Common Files\lenovo\easyplussdk\bin;C:\Program Files (x86)\Windows Live\Shared;C:\Program Files (x86)\Common Files\Acronis\VirtualFile\;C:\Program Files (x86)\Common Files\Acronis\VirtualFile64\;C:\Program Files (x86)\Common Files\Acronis\SnapAPI\;C:\Program Files (x86)\QuickTime\QTSystem\;C:\Program Files (x86)\NVIDIA Corporation\PhysX\Common;C:\Program Files (x86)\GtkSharp\2.12\bin;C:\Program Files (x86)\PuTTY\;C:\WINDOWS\system32;C:\WINDOWS;C:\WINDOWS\System32\Wbem;C:\WINDOWS\System32\WindowsPowerShell\v1.0\;C:\WINDOWS\System32\OpenSSH\;C:\Program Files\Git\cmd;C:\Users\Anja\AppData\Local\Microsoft\WindowsApps;;C:\WINDOWS\system32;
PATHEXT=.COM;.EXE;.BAT;.CMD;.VBS;.VBE;.JS;.JSE;.WSF;.WSH;.MSC
PROCESSOR_ARCHITECTURE=AMD64
PROCESSOR_IDENTIFIER=Intel64 Family 6 Model 69 Stepping 1, GenuineIntel
PROCESSOR_LEVEL=6
PROCESSOR_REVISION=4501
PROGRAMDATA=C:\ProgramData
PROGRAMFILES(X86)=C:\Program Files (x86)
PROGRAMFILES=C:\Program Files
PROGRAMW6432=C:\Program Files
PROMPT=$P$G
PSMODULEPATH=C:\WINDOWS\system32\WindowsPowerShell\v1.0\Modules\
PUBLIC=C:\Users\Public
PYTHONPATH=C:\Users\Anja\.p2\pool\plugins\org.python.pydev.core_6.3.2.201803171248\pysrc\pydev_sitecustomize;C:\Users\Anja\AppData\Local\Programs\Python\Python36-32\DLLs;C:\Users\Anja\AppData\Local\Programs\Python\Python36-32\lib;C:\Users\Anja\AppData\Local\Programs\Python\Python36-32;C:\Users\Anja\AppData\Local\Programs\Python\Python36-32\lib\site-packages
SESSIONNAME=Console
SYSTEMDRIVE=C:
SYSTEMROOT=C:\WINDOWS
TEMP=C:\Users\Anja\AppData\Local\Temp
TMP=C:\Users\Anja\AppData\Local\Temp
USERDOMAIN=JONAS
USERDOMAIN_ROAMINGPROFILE=JONAS
USERNAME=Anja
USERPROFILE=C:\Users\Anja
WINDIR=C:\WINDOWS

 - Working Dir:
C:\Users\Anja\eclipse\java-oxygen\eclipse\..\..\..\.p2\pool\plugins\org.python.pydev.core_6.3.2.201803171248\pysrc

 - OS:
Windows 10

 - Std output:


 - Err output:

!STACK 0
java.io.IOException: Eine vorhandene Verbindung wurde vom Remotehost geschlossen
	at sun.nio.ch.SocketDispatcher.read0(Native Method)
	at sun.nio.ch.SocketDispatcher.read(Unknown Source)
	at sun.nio.ch.IOUtil.readIntoNativeBuffer(Unknown Source)
	at sun.nio.ch.IOUtil.read(Unknown Source)
	at sun.nio.ch.SocketChannelImpl.read(Unknown Source)
	at sun.nio.ch.SocketAdaptor$SocketInputStream.read(Unknown Source)
	at sun.nio.ch.ChannelInputStream.read(Unknown Source)
	at java.io.InputStream.read(Unknown Source)
	at org.python.pydev.ast.codecompletion.shell.AbstractShell.read(AbstractShell.java:455)
	at org.python.pydev.ast.codecompletion.shell.AbstractShell.read(AbstractShell.java:507)
	at org.python.pydev.ast.codecompletion.shell.AbstractShell.writeAndGetResults(AbstractShell.java:693)
	at org.python.pydev.ast.codecompletion.shell.AbstractShell.getImportCompletions(AbstractShell.java:757)
	at org.python.pydev.ast.codecompletion.revisited.modules.CompiledModule.createTokensFromServer(CompiledModule.java:376)
	at org.python.pydev.ast.codecompletion.revisited.modules.CompiledModule.<init>(CompiledModule.java:179)
	at org.python.pydev.ast.codecompletion.revisited.modules.AbstractModule.createModule(AbstractModule.java:293)
	at org.python.pydev.ast.codecompletion.revisited.ModulesManager.getModule(ModulesManager.java:951)
	at org.python.pydev.ast.codecompletion.revisited.ModulesManager.getModule(ModulesManager.java:790)
	at org.python.pydev.ast.codecompletion.revisited.SystemModulesManager.getModule(SystemModulesManager.java:379)
	at com.python.pydev.analysis.additionalinfo.AbstractAdditionalDependencyInfo.updateKeysIfNeededAndSave(AbstractAdditionalDependencyInfo.java:259)
	at com.python.pydev.analysis.system_info_builder.InterpreterInfoBuilder.syncInfoToPythonPath(InterpreterInfoBuilder.java:160)
	at com.python.pydev.analysis.system_info_builder.InterpreterInfoBuilder.syncInfoToPythonPath(InterpreterInfoBuilder.java:86)
	at org.python.pydev.ast.codecompletion.revisited.SyncSystemModulesManager.synchronizeManagerToNameToInfoPythonpath(SyncSystemModulesManager.java:392)
	at org.python.pydev.ast.codecompletion.revisited.SyncSystemModulesManagerScheduler$SynchJob.run(SyncSystemModulesManagerScheduler.java:257)
	at org.eclipse.core.internal.jobs.Worker.run(Worker.java:56)

!ENTRY org.python.pydev.shared_core 4 4 2018-10-29 09:28:28.740
!MESSAGE ERROR reading shell. Message sent: [Ljava.lang.String;@5b09a37e

ProcessInfo:

 - Executed: C:\Users\Anja\AppData\Local\Programs\Python\Python36-32\python.exe -u C:\Users\Anja\.p2\pool\plugins\org.python.pydev.core_6.3.2.201803171248\pysrc\pycompletionserver.py 49223

 - Environment:
ALLUSERSPROFILE=C:\ProgramData
APPDATA=C:\Users\Anja\AppData\Roaming
COMMONPROGRAMFILES(X86)=C:\Program Files (x86)\Common Files
COMMONPROGRAMFILES=C:\Program Files\Common Files
COMMONPROGRAMW6432=C:\Program Files\Common Files
COMPUTERNAME=JONAS
COMSPEC=C:\WINDOWS\system32\cmd.exe
CONFIGSETROOT=C:\WINDOWS\ConfigSetRoot
DRIVERDATA=C:\Windows\System32\Drivers\DriverData
EASYPLUSSDK="C:\Program Files (x86)\Common Files\lenovo\easyplussdk\bin"
FPS_BROWSER_APP_PROFILE_STRING=Internet Explorer
FPS_BROWSER_USER_PROFILE_STRING=Default
FP_NO_HOST_CHECK=NO
GOOGLE_API_KEY=no
GOOGLE_DEFAULT_CLIENT_ID=no
GOOGLE_DEFAULT_CLIENT_SECRET=no
GTK_BASEPATH=C:\Program Files (x86)\GtkSharp\2.12\
HOMEDRIVE=C:
HOMEPATH=\Users\Anja
LOCALAPPDATA=C:\Users\Anja\AppData\Local
LOGONSERVER=\\JONAS
NUMBER_OF_PROCESSORS=4
ONEDRIVE=C:\Users\Anja\OneDrive
OS=Windows_NT
PATH=C:/Program Files/Java/jre1.8.0_91/bin/server;C:/Program Files/Java/jre1.8.0_91/bin;C:/Program Files/Java/jre1.8.0_91/lib/amd64;C:\ProgramData\Oracle\Java\javapath;C:\Program Files (x86)\Lenovo\FusionEngine;C:\Program Files (x86)\Intel\iCLS Client\;C:\Program Files\Intel\iCLS Client\;C:\WINDOWS\system32;C:\WINDOWS;C:\WINDOWS\System32\Wbem;C:\WINDOWS\System32\WindowsPowerShell\v1.0\;C:\Program Files\Intel\Intel(R) Management Engine Components\DAL;C:\Program Files\Intel\Intel(R) Management Engine Components\IPT;C:\Program Files (x86)\Intel\Intel(R) Management Engine Components\DAL;C:\Program Files (x86)\Intel\Intel(R) Management Engine Components\IPT;C:\Program Files\Lenovo\Bluetooth Software\;C:\Program Files\Lenovo\Bluetooth Software\syswow64;C:\Program Files (x86)\Common Files\lenovo\easyplussdk\bin;C:\Program Files (x86)\Windows Live\Shared;C:\Program Files (x86)\Common Files\Acronis\VirtualFile\;C:\Program Files (x86)\Common Files\Acronis\VirtualFile64\;C:\Program Files (x86)\Common Files\Acronis\SnapAPI\;C:\Program Files (x86)\QuickTime\QTSystem\;C:\Program Files (x86)\NVIDIA Corporation\PhysX\Common;C:\Program Files (x86)\GtkSharp\2.12\bin;C:\Program Files (x86)\PuTTY\;C:\WINDOWS\system32;C:\WINDOWS;C:\WINDOWS\System32\Wbem;C:\WINDOWS\System32\WindowsPowerShell\v1.0\;C:\WINDOWS\System32\OpenSSH\;C:\Program Files\Git\cmd;C:\Users\Anja\AppData\Local\Microsoft\WindowsApps;;C:\WINDOWS\system32;
PATHEXT=.COM;.EXE;.BAT;.CMD;.VBS;.VBE;.JS;.JSE;.WSF;.WSH;.MSC
PROCESSOR_ARCHITECTURE=AMD64
PROCESSOR_IDENTIFIER=Intel64 Family 6 Model 69 Stepping 1, GenuineIntel
PROCESSOR_LEVEL=6
PROCESSOR_REVISION=4501
PROGRAMDATA=C:\ProgramData
PROGRAMFILES(X86)=C:\Program Files (x86)
PROGRAMFILES=C:\Program Files
PROGRAMW6432=C:\Program Files
PROMPT=$P$G
PSMODULEPATH=C:\WINDOWS\system32\WindowsPowerShell\v1.0\Modules\
PUBLIC=C:\Users\Public
PYTHONPATH=C:\Users\Anja\.p2\pool\plugins\org.python.pydev.core_6.3.2.201803171248\pysrc\pydev_sitecustomize;C:\Users\Anja\AppData\Local\Programs\Python\Python36-32\DLLs;C:\Users\Anja\AppData\Local\Programs\Python\Python36-32\lib;C:\Users\Anja\AppData\Local\Programs\Python\Python36-32;C:\Users\Anja\AppData\Local\Programs\Python\Python36-32\lib\site-packages
SESSIONNAME=Console
SYSTEMDRIVE=C:
SYSTEMROOT=C:\WINDOWS
TEMP=C:\Users\Anja\AppData\Local\Temp
TMP=C:\Users\Anja\AppData\Local\Temp
USERDOMAIN=JONAS
USERDOMAIN_ROAMINGPROFILE=JONAS
USERNAME=Anja
USERPROFILE=C:\Users\Anja
WINDIR=C:\WINDOWS

 - Working Dir:
C:\Users\Anja\eclipse\java-oxygen\eclipse\..\..\..\.p2\pool\plugins\org.python.pydev.core_6.3.2.201803171248\pysrc

 - OS:
Windows 10

 - Std output:


 - Err output:
Fatal Python error: (pygame parachute) Segmentation Fault

Current thread 0x00004830 (most recent call first):
  File "C:\Users\Anja\AppData\Local\Programs\Python\Python36-32\lib\inspect.py", line 1833 in _signature_is_functionlike
  File "C:\Users\Anja\AppData\Local\Programs\Python\Python36-32\lib\inspect.py", line 2259 in _signature_from_callable
  File "C:\Users\Anja\AppData\Local\Programs\Python\Python36-32\lib\inspect.py", line 1119 in getfullargspec
  File "C:\Users\Anja\AppData\Local\Programs\Python\Python36-32\lib\inspect.py", line 1073 in getargspec
  File "C:\Users\Anja\.p2\pool\plugins\org.python.pydev.core_6.3.2.201803171248\pysrc\_pydev_bundle\_pydev_imports_tipper.py", line 215 in generate_imports_tip_for_module
  File "C:\Users\Anja\.p2\pool\plugins\org.python.pydev.core_6.3.2.201803171248\pysrc\_pydev_bundle\_pydev_imports_tipper.py", line 134 in generate_tip
  File "C:\Users\Anja\.p2\pool\plugins\org.python.pydev.core_6.3.2.201803171248\pysrc\pycompletionserver.py", line 287 in run
  File "C:\Users\Anja\.p2\pool\plugins\org.python.pydev.core_6.3.2.201803171248\pysrc\pycompletionserver.py", line 405 in <module>

!STACK 0
java.io.IOException: Eine vorhandene Verbindung wurde vom Remotehost geschlossen
	at sun.nio.ch.SocketDispatcher.read0(Native Method)
	at sun.nio.ch.SocketDispatcher.read(Unknown Source)
	at sun.nio.ch.IOUtil.readIntoNativeBuffer(Unknown Source)
	at sun.nio.ch.IOUtil.read(Unknown Source)
	at sun.nio.ch.SocketChannelImpl.read(Unknown Source)
	at sun.nio.ch.SocketAdaptor$SocketInputStream.read(Unknown Source)
	at sun.nio.ch.ChannelInputStream.read(Unknown Source)
	at java.io.InputStream.read(Unknown Source)
	at org.python.pydev.ast.codecompletion.shell.AbstractShell.read(AbstractShell.java:455)
	at org.python.pydev.ast.codecompletion.shell.AbstractShell.read(AbstractShell.java:507)
	at org.python.pydev.ast.codecompletion.shell.AbstractShell.writeAndGetResults(AbstractShell.java:693)
	at org.python.pydev.ast.codecompletion.shell.AbstractShell.getImportCompletions(AbstractShell.java:757)
	at org.python.pydev.ast.codecompletion.revisited.modules.CompiledModule.createTokensFromServer(CompiledModule.java:376)
	at org.python.pydev.ast.codecompletion.revisited.modules.CompiledModule.<init>(CompiledModule.java:179)
	at org.python.pydev.ast.codecompletion.revisited.modules.AbstractModule.createModule(AbstractModule.java:293)
	at org.python.pydev.ast.codecompletion.revisited.ModulesManager.getModule(ModulesManager.java:951)
	at org.python.pydev.ast.codecompletion.revisited.ModulesManager.getModule(ModulesManager.java:790)
	at org.python.pydev.ast.codecompletion.revisited.SystemModulesManager.getModule(SystemModulesManager.java:379)
	at com.python.pydev.analysis.additionalinfo.AbstractAdditionalDependencyInfo.updateKeysIfNeededAndSave(AbstractAdditionalDependencyInfo.java:259)
	at com.python.pydev.analysis.system_info_builder.InterpreterInfoBuilder.syncInfoToPythonPath(InterpreterInfoBuilder.java:160)
	at com.python.pydev.analysis.system_info_builder.InterpreterInfoBuilder.syncInfoToPythonPath(InterpreterInfoBuilder.java:86)
	at org.python.pydev.ast.codecompletion.revisited.SyncSystemModulesManager.synchronizeManagerToNameToInfoPythonpath(SyncSystemModulesManager.java:392)
	at org.python.pydev.ast.codecompletion.revisited.SyncSystemModulesManagerScheduler$SynchJob.run(SyncSystemModulesManagerScheduler.java:257)
	at org.eclipse.core.internal.jobs.Worker.run(Worker.java:56)

!ENTRY org.python.pydev.shared_core 4 4 2018-10-29 09:28:36.876
!MESSAGE ERROR reading shell. Message sent: [Ljava.lang.String;@43aba727

ProcessInfo:

 - Executed: C:\Users\Anja\AppData\Local\Programs\Python\Python36-32\python.exe -u C:\Users\Anja\.p2\pool\plugins\org.python.pydev.core_6.3.2.201803171248\pysrc\pycompletionserver.py 49236

 - Environment:
ALLUSERSPROFILE=C:\ProgramData
APPDATA=C:\Users\Anja\AppData\Roaming
COMMONPROGRAMFILES(X86)=C:\Program Files (x86)\Common Files
COMMONPROGRAMFILES=C:\Program Files\Common Files
COMMONPROGRAMW6432=C:\Program Files\Common Files
COMPUTERNAME=JONAS
COMSPEC=C:\WINDOWS\system32\cmd.exe
CONFIGSETROOT=C:\WINDOWS\ConfigSetRoot
DRIVERDATA=C:\Windows\System32\Drivers\DriverData
EASYPLUSSDK="C:\Program Files (x86)\Common Files\lenovo\easyplussdk\bin"
FPS_BROWSER_APP_PROFILE_STRING=Internet Explorer
FPS_BROWSER_USER_PROFILE_STRING=Default
FP_NO_HOST_CHECK=NO
GOOGLE_API_KEY=no
GOOGLE_DEFAULT_CLIENT_ID=no
GOOGLE_DEFAULT_CLIENT_SECRET=no
GTK_BASEPATH=C:\Program Files (x86)\GtkSharp\2.12\
HOMEDRIVE=C:
HOMEPATH=\Users\Anja
LOCALAPPDATA=C:\Users\Anja\AppData\Local
LOGONSERVER=\\JONAS
NUMBER_OF_PROCESSORS=4
ONEDRIVE=C:\Users\Anja\OneDrive
OS=Windows_NT
PATH=C:/Program Files/Java/jre1.8.0_91/bin/server;C:/Program Files/Java/jre1.8.0_91/bin;C:/Program Files/Java/jre1.8.0_91/lib/amd64;C:\ProgramData\Oracle\Java\javapath;C:\Program Files (x86)\Lenovo\FusionEngine;C:\Program Files (x86)\Intel\iCLS Client\;C:\Program Files\Intel\iCLS Client\;C:\WINDOWS\system32;C:\WINDOWS;C:\WINDOWS\System32\Wbem;C:\WINDOWS\System32\WindowsPowerShell\v1.0\;C:\Program Files\Intel\Intel(R) Management Engine Components\DAL;C:\Program Files\Intel\Intel(R) Management Engine Components\IPT;C:\Program Files (x86)\Intel\Intel(R) Management Engine Components\DAL;C:\Program Files (x86)\Intel\Intel(R) Management Engine Components\IPT;C:\Program Files\Lenovo\Bluetooth Software\;C:\Program Files\Lenovo\Bluetooth Software\syswow64;C:\Program Files (x86)\Common Files\lenovo\easyplussdk\bin;C:\Program Files (x86)\Windows Live\Shared;C:\Program Files (x86)\Common Files\Acronis\VirtualFile\;C:\Program Files (x86)\Common Files\Acronis\VirtualFile64\;C:\Program Files (x86)\Common Files\Acronis\SnapAPI\;C:\Program Files (x86)\QuickTime\QTSystem\;C:\Program Files (x86)\NVIDIA Corporation\PhysX\Common;C:\Program Files (x86)\GtkSharp\2.12\bin;C:\Program Files (x86)\PuTTY\;C:\WINDOWS\system32;C:\WINDOWS;C:\WINDOWS\System32\Wbem;C:\WINDOWS\System32\WindowsPowerShell\v1.0\;C:\WINDOWS\System32\OpenSSH\;C:\Program Files\Git\cmd;C:\Users\Anja\AppData\Local\Microsoft\WindowsApps;;C:\WINDOWS\system32;
PATHEXT=.COM;.EXE;.BAT;.CMD;.VBS;.VBE;.JS;.JSE;.WSF;.WSH;.MSC
PROCESSOR_ARCHITECTURE=AMD64
PROCESSOR_IDENTIFIER=Intel64 Family 6 Model 69 Stepping 1, GenuineIntel
PROCESSOR_LEVEL=6
PROCESSOR_REVISION=4501
PROGRAMDATA=C:\ProgramData
PROGRAMFILES(X86)=C:\Program Files (x86)
PROGRAMFILES=C:\Program Files
PROGRAMW6432=C:\Program Files
PROMPT=$P$G
PSMODULEPATH=C:\WINDOWS\system32\WindowsPowerShell\v1.0\Modules\
PUBLIC=C:\Users\Public
PYTHONPATH=C:\Users\Anja\.p2\pool\plugins\org.python.pydev.core_6.3.2.201803171248\pysrc\pydev_sitecustomize;C:\Users\Anja\AppData\Local\Programs\Python\Python36-32\DLLs;C:\Users\Anja\AppData\Local\Programs\Python\Python36-32\lib;C:\Users\Anja\AppData\Local\Programs\Python\Python36-32;C:\Users\Anja\AppData\Local\Programs\Python\Python36-32\lib\site-packages
SESSIONNAME=Console
SYSTEMDRIVE=C:
SYSTEMROOT=C:\WINDOWS
TEMP=C:\Users\Anja\AppData\Local\Temp
TMP=C:\Users\Anja\AppData\Local\Temp
USERDOMAIN=JONAS
USERDOMAIN_ROAMINGPROFILE=JONAS
USERNAME=Anja
USERPROFILE=C:\Users\Anja
WINDIR=C:\WINDOWS

 - Working Dir:
C:\Users\Anja\eclipse\java-oxygen\eclipse\..\..\..\.p2\pool\plugins\org.python.pydev.core_6.3.2.201803171248\pysrc

 - OS:
Windows 10

 - Std output:


 - Err output:

!STACK 0
java.io.IOException: Eine vorhandene Verbindung wurde vom Remotehost geschlossen
	at sun.nio.ch.SocketDispatcher.read0(Native Method)
	at sun.nio.ch.SocketDispatcher.read(Unknown Source)
	at sun.nio.ch.IOUtil.readIntoNativeBuffer(Unknown Source)
	at sun.nio.ch.IOUtil.read(Unknown Source)
	at sun.nio.ch.SocketChannelImpl.read(Unknown Source)
	at sun.nio.ch.SocketAdaptor$SocketInputStream.read(Unknown Source)
	at sun.nio.ch.ChannelInputStream.read(Unknown Source)
	at java.io.InputStream.read(Unknown Source)
	at org.python.pydev.ast.codecompletion.shell.AbstractShell.read(AbstractShell.java:455)
	at org.python.pydev.ast.codecompletion.shell.AbstractShell.read(AbstractShell.java:507)
	at org.python.pydev.ast.codecompletion.shell.AbstractShell.writeAndGetResults(AbstractShell.java:693)
	at org.python.pydev.ast.codecompletion.shell.AbstractShell.getImportCompletions(AbstractShell.java:757)
	at org.python.pydev.ast.codecompletion.revisited.modules.CompiledModule.createTokensFromServer(CompiledModule.java:376)
	at org.python.pydev.ast.codecompletion.revisited.modules.CompiledModule.<init>(CompiledModule.java:179)
	at org.python.pydev.ast.codecompletion.revisited.modules.AbstractModule.createModule(AbstractModule.java:293)
	at org.python.pydev.ast.codecompletion.revisited.ModulesManager.getModule(ModulesManager.java:951)
	at org.python.pydev.ast.codecompletion.revisited.ModulesManager.getModule(ModulesManager.java:790)
	at org.python.pydev.ast.codecompletion.revisited.SystemModulesManager.getModule(SystemModulesManager.java:379)
	at com.python.pydev.analysis.additionalinfo.AbstractAdditionalDependencyInfo.updateKeysIfNeededAndSave(AbstractAdditionalDependencyInfo.java:259)
	at com.python.pydev.analysis.system_info_builder.InterpreterInfoBuilder.syncInfoToPythonPath(InterpreterInfoBuilder.java:160)
	at com.python.pydev.analysis.system_info_builder.InterpreterInfoBuilder.syncInfoToPythonPath(InterpreterInfoBuilder.java:86)
	at org.python.pydev.ast.codecompletion.revisited.SyncSystemModulesManager.synchronizeManagerToNameToInfoPythonpath(SyncSystemModulesManager.java:392)
	at org.python.pydev.ast.codecompletion.revisited.SyncSystemModulesManagerScheduler$SynchJob.run(SyncSystemModulesManagerScheduler.java:257)
	at org.eclipse.core.internal.jobs.Worker.run(Worker.java:56)

!ENTRY org.python.pydev.shared_core 1 1 2018-10-29 15:30:55.954
!MESSAGE It seems it's already disposed...
!STACK 0
java.lang.RuntimeException: It seems it's already disposed...
	at org.python.pydev.shared_core.log.Log.logInfo(Log.java:54)
	at org.python.pydev.shared_ui.outline.BaseModel.setRoot(BaseModel.java:189)
	at org.python.pydev.shared_ui.outline.BaseModel$1$1.run(BaseModel.java:68)
	at org.eclipse.swt.widgets.RunnableLock.run(RunnableLock.java:37)
	at org.eclipse.swt.widgets.Synchronizer.runAsyncMessages(Synchronizer.java:182)
	at org.eclipse.swt.widgets.Display.runAsyncMessages(Display.java:4213)
	at org.eclipse.swt.widgets.Display.readAndDispatch(Display.java:3820)
	at org.eclipse.jface.operation.ModalContext$ModalContextThread.block(ModalContext.java:165)
	at org.eclipse.jface.operation.ModalContext.run(ModalContext.java:369)
	at org.eclipse.jface.dialogs.ProgressMonitorDialog.run(ProgressMonitorDialog.java:483)
	at org.eclipse.ui.internal.progress.ProgressMonitorJobsDialog.run(ProgressMonitorJobsDialog.java:237)
	at org.eclipse.ui.internal.ide.application.IDEWorkbenchAdvisor.disconnectFromWorkspace(IDEWorkbenchAdvisor.java:533)
	at org.eclipse.ui.internal.ide.application.IDEWorkbenchAdvisor.access$2(IDEWorkbenchAdvisor.java:505)
	at org.eclipse.ui.internal.ide.application.IDEWorkbenchAdvisor$3.run(IDEWorkbenchAdvisor.java:346)
	at org.eclipse.ui.internal.ide.application.IDEWorkbenchAdvisor.postShutdown(IDEWorkbenchAdvisor.java:367)
	at org.eclipse.ui.internal.Workbench.shutdown(Workbench.java:3019)
	at org.eclipse.ui.internal.Workbench.busyClose(Workbench.java:1174)
	at org.eclipse.ui.internal.Workbench.lambda$4(Workbench.java:1424)
	at org.eclipse.swt.custom.BusyIndicator.showWhile(BusyIndicator.java:70)
	at org.eclipse.ui.internal.Workbench.close(Workbench.java:1424)
	at org.eclipse.ui.internal.Workbench.restart(Workbench.java:2576)
	at org.eclipse.ui.internal.ide.actions.OpenWorkspaceAction.restart(OpenWorkspaceAction.java:247)
	at org.eclipse.ui.internal.ide.actions.OpenWorkspaceAction.access$0(OpenWorkspaceAction.java:239)
	at org.eclipse.ui.internal.ide.actions.OpenWorkspaceAction$WorkspaceMRUAction.run(OpenWorkspaceAction.java:91)
	at org.eclipse.jface.action.Action.runWithEvent(Action.java:473)
	at org.eclipse.jface.action.ActionContributionItem.handleWidgetSelection(ActionContributionItem.java:565)
	at org.eclipse.jface.action.ActionContributionItem.lambda$4(ActionContributionItem.java:397)
	at org.eclipse.swt.widgets.EventTable.sendEvent(EventTable.java:86)
	at org.eclipse.swt.widgets.Display.sendEvent(Display.java:4428)
	at org.eclipse.swt.widgets.Widget.sendEvent(Widget.java:1079)
	at org.eclipse.swt.widgets.Widget.sendEvent(Widget.java:1103)
	at org.eclipse.swt.widgets.Widget.sendEvent(Widget.java:1088)
	at org.eclipse.swt.widgets.Widget.notifyListeners(Widget.java:802)
	at org.eclipse.jface.action.ActionContributionItem.lambda$8(ActionContributionItem.java:1257)
	at org.eclipse.swt.widgets.EventTable.sendEvent(EventTable.java:86)
	at org.eclipse.swt.widgets.Display.sendEvent(Display.java:4428)
	at org.eclipse.swt.widgets.Widget.sendEvent(Widget.java:1079)
	at org.eclipse.swt.widgets.Display.runDeferredEvents(Display.java:4238)
	at org.eclipse.swt.widgets.Display.readAndDispatch(Display.java:3817)
	at org.eclipse.e4.ui.internal.workbench.swt.PartRenderingEngine$5.run(PartRenderingEngine.java:1150)
	at org.eclipse.core.databinding.observable.Realm.runWithDefault(Realm.java:336)
	at org.eclipse.e4.ui.internal.workbench.swt.PartRenderingEngine.run(PartRenderingEngine.java:1039)
	at org.eclipse.e4.ui.internal.workbench.E4Workbench.createAndRunUI(E4Workbench.java:153)
	at org.eclipse.ui.internal.Workbench.lambda$3(Workbench.java:680)
	at org.eclipse.core.databinding.observable.Realm.runWithDefault(Realm.java:336)
	at org.eclipse.ui.internal.Workbench.createAndRunWorkbench(Workbench.java:594)
	at org.eclipse.ui.PlatformUI.createAndRunWorkbench(PlatformUI.java:148)
	at org.eclipse.ui.internal.ide.application.IDEApplication.start(IDEApplication.java:151)
	at org.eclipse.equinox.internal.app.EclipseAppHandle.run(EclipseAppHandle.java:196)
	at org.eclipse.core.runtime.internal.adaptor.EclipseAppLauncher.runApplication(EclipseAppLauncher.java:134)
	at org.eclipse.core.runtime.internal.adaptor.EclipseAppLauncher.start(EclipseAppLauncher.java:104)
	at org.eclipse.core.runtime.adaptor.EclipseStarter.run(EclipseStarter.java:388)
	at org.eclipse.core.runtime.adaptor.EclipseStarter.run(EclipseStarter.java:243)
	at sun.reflect.NativeMethodAccessorImpl.invoke0(Native Method)
	at sun.reflect.NativeMethodAccessorImpl.invoke(Unknown Source)
	at sun.reflect.DelegatingMethodAccessorImpl.invoke(Unknown Source)
	at java.lang.reflect.Method.invoke(Unknown Source)
	at org.eclipse.equinox.launcher.Main.invokeFramework(Main.java:653)
	at org.eclipse.equinox.launcher.Main.basicRun(Main.java:590)
	at org.eclipse.equinox.launcher.Main.run(Main.java:1499)
!SESSION 2018-10-29 21:51:41.376 -----------------------------------------------
eclipse.buildId=4.7.3.M20180301-0715
java.version=1.8.0_91
java.vendor=Oracle Corporation
BootLoader constants: OS=win32, ARCH=x86_64, WS=win32, NL=de_DE
Framework arguments:  -product org.eclipse.epp.package.java.product -product org.eclipse.epp.package.java.product -product org.eclipse.epp.package.java.product
Command-line arguments:  -os win32 -ws win32 -arch x86_64 -product org.eclipse.epp.package.java.product -product org.eclipse.epp.package.java.product -data C:\omaTimer -product org.eclipse.epp.package.java.product

!ENTRY org.python.pydev.shared_core 4 4 2018-10-29 21:54:28.925
!MESSAGE The python client still hasn't connected back to the eclipse java vm (will retry...)
!STACK 0
java.lang.RuntimeException: The python client still hasn't connected back to the eclipse java vm (will retry...)
	at org.python.pydev.core.log.Log.log(Log.java:33)
	at org.python.pydev.ast.codecompletion.shell.AbstractShell.startIt(AbstractShell.java:335)
	at org.python.pydev.ast.codecompletion.shell.ShellsContainer.getServerShell(ShellsContainer.java:235)
	at org.python.pydev.ast.codecompletion.shell.ShellsContainer.getServerShell(ShellsContainer.java:167)
	at org.python.pydev.ast.codecompletion.shell.AbstractShell.getServerShell(AbstractShell.java:223)
	at org.python.pydev.editor.PyEdit$2.run(PyEdit.java:566)

!ENTRY org.python.pydev.shared_core 4 4 2018-10-29 21:54:34.592
!MESSAGE Attempt: 2 of 5 failed, trying again...(socket connected: still null)
!STACK 0
java.lang.RuntimeException: Attempt: 2 of 5 failed, trying again...(socket connected: still null)
	at org.python.pydev.core.log.Log.log(Log.java:33)
	at org.python.pydev.ast.codecompletion.shell.AbstractShell.startIt(AbstractShell.java:354)
	at org.python.pydev.ast.codecompletion.shell.ShellsContainer.getServerShell(ShellsContainer.java:235)
	at org.python.pydev.ast.codecompletion.shell.ShellsContainer.getServerShell(ShellsContainer.java:167)
	at org.python.pydev.ast.codecompletion.shell.AbstractShell.getServerShell(AbstractShell.java:223)
	at org.python.pydev.editor.PyEdit$2.run(PyEdit.java:566)

!ENTRY org.eclipse.egit.ui 2 0 2018-10-29 21:54:40.490
!MESSAGE Warning: The environment variable HOME is not set. The following directory will be used to store the Git
user global configuration and to define the default location to store repositories: 'C:\Users\Anja'. If this is
not correct please set the HOME environment variable and restart Eclipse. Otherwise Git for Windows and
EGit might behave differently since they see different configuration options.
This warning can be switched off on the Team > Git > Confirmations and Warnings preference page.

!ENTRY org.eclipse.ui 4 4 2018-10-29 21:55:18.264
!MESSAGE Conflicting handlers for org.python.pydev.editor.actions.execLineInConsole: {ActionHandler(org.python.proxies.__main__$ExecuteLine$19@5c5912f1)} vs {ActionHandler(org.python.proxies.__main__$ExecuteLine$16@249086fe)}

!ENTRY org.eclipse.ui 4 4 2018-10-29 21:55:18.296
!MESSAGE Conflicting handlers for org.python.pydev.editor.actions.execLineInConsole: {ActionHandler(org.python.proxies.__main__$ExecuteLine$19@5c5912f1)} vs {ActionHandler(org.python.proxies.__main__$ExecuteLine$16@249086fe)}

!ENTRY org.eclipse.ui 4 4 2018-10-29 21:55:18.353
!MESSAGE Conflicting handlers for org.python.pydev.editor.actions.execLineInConsole: {ActionHandler(org.python.proxies.__main__$ExecuteLine$19@5c5912f1)} vs {ActionHandler(org.python.proxies.__main__$ExecuteLine$16@249086fe)}

!ENTRY org.eclipse.equinox.preferences 4 4 2018-11-05 06:42:37.049
!MESSAGE Exception saving preferences to: C:/Users/Anja/eclipse/java-oxygen/eclipse/configuration/.settings/com.genuitec.eclipse.webclipse.evergreen.prefs.
!STACK 0
java.io.FileNotFoundException: C:\Users\Anja\eclipse\java-oxygen\eclipse\configuration\.settings\com.genuitec.eclipse.webclipse.evergreen.prefs.bak (Der Vorgang ist bei einer Datei mit einem geffneten Bereich, der einem Benutzer zugeordnet ist, nicht anwendbar)
	at java.io.FileOutputStream.open0(Native Method)
	at java.io.FileOutputStream.open(Unknown Source)
	at java.io.FileOutputStream.<init>(Unknown Source)
	at java.io.FileOutputStream.<init>(Unknown Source)
	at org.eclipse.core.internal.preferences.SafeFileOutputStream.<init>(SafeFileOutputStream.java:54)
	at org.eclipse.core.internal.preferences.EclipsePreferences.write(EclipsePreferences.java:279)
	at org.eclipse.core.internal.preferences.EclipsePreferences.save(EclipsePreferences.java:1076)
	at org.eclipse.core.internal.preferences.EclipsePreferences.save(EclipsePreferences.java:1052)
	at org.eclipse.core.internal.preferences.EclipsePreferences.internalFlush(EclipsePreferences.java:431)
	at org.eclipse.core.internal.preferences.EclipsePreferences.flush(EclipsePreferences.java:389)
	at com.genuitec.eclipse.webclipse.evergreen.internal.EvergreenManifestManager$ManifestUpdateJob.run(EvergreenManifestManager.java:133)
	at org.eclipse.core.internal.jobs.Worker.run(Worker.java:56)

!ENTRY com.genuitec.eclipse.webclipse.evergreen 4 0 2018-11-05 06:42:37.335
!MESSAGE Error storing last check time
!STACK 0
org.osgi.service.prefs.BackingStoreException: Exception saving preferences to: C:/Users/Anja/eclipse/java-oxygen/eclipse/configuration/.settings/com.genuitec.eclipse.webclipse.evergreen.prefs.
	at org.eclipse.core.internal.preferences.EclipsePreferences.write(EclipsePreferences.java:285)
	at org.eclipse.core.internal.preferences.EclipsePreferences.save(EclipsePreferences.java:1076)
	at org.eclipse.core.internal.preferences.EclipsePreferences.save(EclipsePreferences.java:1052)
	at org.eclipse.core.internal.preferences.EclipsePreferences.internalFlush(EclipsePreferences.java:431)
	at org.eclipse.core.internal.preferences.EclipsePreferences.flush(EclipsePreferences.java:389)
	at com.genuitec.eclipse.webclipse.evergreen.internal.EvergreenManifestManager$ManifestUpdateJob.run(EvergreenManifestManager.java:133)
	at org.eclipse.core.internal.jobs.Worker.run(Worker.java:56)
Caused by: java.io.FileNotFoundException: C:\Users\Anja\eclipse\java-oxygen\eclipse\configuration\.settings\com.genuitec.eclipse.webclipse.evergreen.prefs.bak (Der Vorgang ist bei einer Datei mit einem geffneten Bereich, der einem Benutzer zugeordnet ist, nicht anwendbar)
	at java.io.FileOutputStream.open0(Native Method)
	at java.io.FileOutputStream.open(Unknown Source)
	at java.io.FileOutputStream.<init>(Unknown Source)
	at java.io.FileOutputStream.<init>(Unknown Source)
	at org.eclipse.core.internal.preferences.SafeFileOutputStream.<init>(SafeFileOutputStream.java:54)
	at org.eclipse.core.internal.preferences.EclipsePreferences.write(EclipsePreferences.java:279)
	... 6 more

!ENTRY com.genuitec.eclipse.monitor 4 0 2018-11-05 16:26:44.215
!MESSAGE Empty file
!STACK 0
java.io.IOException: Empty file
	at com.genuitec.eclipse.monitor.internal.collector.client.ReadOnlyFileRecord.loadDates(ReadOnlyFileRecord.java:49)
	at com.genuitec.eclipse.monitor.internal.collector.client.ReadOnlyFileRecord.refresh(ReadOnlyFileRecord.java:82)
	at com.genuitec.eclipse.monitor.internal.collector.client.ClientMetricsCollector.rescanWorkingLocation(ClientMetricsCollector.java:338)
	at com.genuitec.eclipse.monitor.internal.collector.client.ClientMetricsCollector.getRootNode(ClientMetricsCollector.java:268)
	at com.genuitec.eclipse.monitor.internal.MetricsManager.getRootNode(MetricsManager.java:265)
	at com.genuitec.eclipse.monitor.internal.collector.server.ServerMetricsCollector.getMetrics(ServerMetricsCollector.java:425)
	at com.genuitec.eclipse.monitor.internal.collector.server.ServerMetricsCollector.manageUpload(ServerMetricsCollector.java:488)
	at com.genuitec.eclipse.monitor.internal.collector.server.ServerMetricsCollector.access$6(ServerMetricsCollector.java:486)
	at com.genuitec.eclipse.monitor.internal.collector.server.ServerMetricsCollector$PeriodicSaveJob.run(ServerMetricsCollector.java:893)
	at org.eclipse.core.internal.jobs.Worker.run(Worker.java:56)

!ENTRY com.genuitec.eclipse.theming.ui 4 0 2018-11-05 16:26:44.639
!MESSAGE www.genuitec.com
!STACK 0
java.net.UnknownHostException: www.genuitec.com
	at java.net.AbstractPlainSocketImpl.connect(Unknown Source)
	at java.net.PlainSocketImpl.connect(Unknown Source)
	at java.net.SocksSocketImpl.connect(Unknown Source)
	at java.net.Socket.connect(Unknown Source)
	at sun.security.ssl.SSLSocketImpl.connect(Unknown Source)
	at sun.security.ssl.BaseSSLSocketImpl.connect(Unknown Source)
	at sun.net.NetworkClient.doConnect(Unknown Source)
	at sun.net.www.http.HttpClient.openServer(Unknown Source)
	at sun.net.www.http.HttpClient.openServer(Unknown Source)
	at sun.net.www.protocol.https.HttpsClient.<init>(Unknown Source)
	at sun.net.www.protocol.https.HttpsClient.New(Unknown Source)
	at sun.net.www.protocol.https.AbstractDelegateHttpsURLConnection.getNewHttpClient(Unknown Source)
	at sun.net.www.protocol.http.HttpURLConnection.plainConnect0(Unknown Source)
	at sun.net.www.protocol.http.HttpURLConnection.plainConnect(Unknown Source)
	at sun.net.www.protocol.https.AbstractDelegateHttpsURLConnection.connect(Unknown Source)
	at sun.net.www.protocol.http.HttpURLConnection.getInputStream0(Unknown Source)
	at sun.net.www.protocol.http.HttpURLConnection.getInputStream(Unknown Source)
	at java.net.HttpURLConnection.getResponseCode(Unknown Source)
	at sun.net.www.protocol.https.HttpsURLConnectionImpl.getResponseCode(Unknown Source)
	at com.genuitec.eclipse.theming.ui.IconDownloaderJob.getApprovedDefinitions(IconDownloaderJob.java:86)
	at com.genuitec.eclipse.theming.ui.IconDownloaderJob.run(IconDownloaderJob.java:52)
	at org.eclipse.core.internal.jobs.Worker.run(Worker.java:56)

!ENTRY org.python.pydev.shared_core 2 2 2018-11-06 16:55:43.889
!MESSAGE Warning: computed 46248 completions (trimming to 10000).
Request: CompletionRequest[ editorFile:C:\omaTimer\OmaTimer\GUI\GUI_Classes.py activationToken:regresher qualifier:st isInCalltip:false alreadyHasParams:false]
!STACK 0
java.lang.RuntimeException: Warning: computed 46248 completions (trimming to 10000).
Request: CompletionRequest[ editorFile:C:\omaTimer\OmaTimer\GUI\GUI_Classes.py activationToken:regresher qualifier:st isInCalltip:false alreadyHasParams:false]
	at org.python.pydev.core.log.Log.logWarn(Log.java:49)
	at org.python.pydev.ast.codecompletion.PyCodeCompletion.getCodeCompletionProposals(PyCodeCompletion.java:213)
	at org.python.pydev.editor.codecompletion.PythonCompletionProcessor.getPythonProposals(PythonCompletionProcessor.java:235)
	at org.python.pydev.editor.codecompletion.PythonCompletionProcessor.computeCompletionProposals(PythonCompletionProcessor.java:169)
	at org.python.pydev.editor.codecompletion.SimpleAssistProcessor.computeCompletionProposals(SimpleAssistProcessor.java:287)
	at org.eclipse.jface.text.contentassist.ContentAssistant$3.run(ContentAssistant.java:2007)
	at org.eclipse.core.runtime.SafeRunner.run(SafeRunner.java:42)
	at org.eclipse.jface.text.contentassist.ContentAssistant.computeCompletionProposals(ContentAssistant.java:2004)
	at org.eclipse.jface.text.contentassist.CompletionProposalPopup.computeProposals(CompletionProposalPopup.java:560)
	at org.eclipse.jface.text.contentassist.CompletionProposalPopup.access$7(CompletionProposalPopup.java:555)
	at org.eclipse.jface.text.contentassist.CompletionProposalPopup$2.run(CompletionProposalPopup.java:489)
	at org.eclipse.swt.custom.BusyIndicator.showWhile(BusyIndicator.java:70)
	at org.eclipse.jface.text.contentassist.CompletionProposalPopup.showProposals(CompletionProposalPopup.java:482)
	at org.eclipse.jface.text.contentassist.ContentAssistant$AutoAssistListener$1.run(ContentAssistant.java:377)
	at org.eclipse.swt.widgets.RunnableLock.run(RunnableLock.java:37)
	at org.eclipse.swt.widgets.Synchronizer.runAsyncMessages(Synchronizer.java:182)
	at org.eclipse.swt.widgets.Display.runAsyncMessages(Display.java:4213)
	at org.eclipse.swt.widgets.Display.readAndDispatch(Display.java:3820)
	at org.eclipse.e4.ui.internal.workbench.swt.PartRenderingEngine$5.run(PartRenderingEngine.java:1150)
	at org.eclipse.core.databinding.observable.Realm.runWithDefault(Realm.java:336)
	at org.eclipse.e4.ui.internal.workbench.swt.PartRenderingEngine.run(PartRenderingEngine.java:1039)
	at org.eclipse.e4.ui.internal.workbench.E4Workbench.createAndRunUI(E4Workbench.java:153)
	at org.eclipse.ui.internal.Workbench.lambda$3(Workbench.java:680)
	at org.eclipse.core.databinding.observable.Realm.runWithDefault(Realm.java:336)
	at org.eclipse.ui.internal.Workbench.createAndRunWorkbench(Workbench.java:594)
	at org.eclipse.ui.PlatformUI.createAndRunWorkbench(PlatformUI.java:148)
	at org.eclipse.ui.internal.ide.application.IDEApplication.start(IDEApplication.java:151)
	at org.eclipse.equinox.internal.app.EclipseAppHandle.run(EclipseAppHandle.java:196)
	at org.eclipse.core.runtime.internal.adaptor.EclipseAppLauncher.runApplication(EclipseAppLauncher.java:134)
	at org.eclipse.core.runtime.internal.adaptor.EclipseAppLauncher.start(EclipseAppLauncher.java:104)
	at org.eclipse.core.runtime.adaptor.EclipseStarter.run(EclipseStarter.java:388)
	at org.eclipse.core.runtime.adaptor.EclipseStarter.run(EclipseStarter.java:243)
	at sun.reflect.NativeMethodAccessorImpl.invoke0(Native Method)
	at sun.reflect.NativeMethodAccessorImpl.invoke(Unknown Source)
	at sun.reflect.DelegatingMethodAccessorImpl.invoke(Unknown Source)
	at java.lang.reflect.Method.invoke(Unknown Source)
	at org.eclipse.equinox.launcher.Main.invokeFramework(Main.java:653)
	at org.eclipse.equinox.launcher.Main.basicRun(Main.java:590)
	at org.eclipse.equinox.launcher.Main.run(Main.java:1499)

!ENTRY org.eclipse.equinox.preferences 4 4 2018-11-08 06:32:05.106
!MESSAGE Exception saving preferences to: C:/Users/Anja/eclipse/java-oxygen/eclipse/configuration/.settings/com.genuitec.eclipse.webclipse.evergreen.prefs.
!STACK 0
java.io.FileNotFoundException: C:\Users\Anja\eclipse\java-oxygen\eclipse\configuration\.settings\com.genuitec.eclipse.webclipse.evergreen.prefs.bak (Der Vorgang ist bei einer Datei mit einem geffneten Bereich, der einem Benutzer zugeordnet ist, nicht anwendbar)
	at java.io.FileOutputStream.open0(Native Method)
	at java.io.FileOutputStream.open(Unknown Source)
	at java.io.FileOutputStream.<init>(Unknown Source)
	at java.io.FileOutputStream.<init>(Unknown Source)
	at org.eclipse.core.internal.preferences.SafeFileOutputStream.<init>(SafeFileOutputStream.java:54)
	at org.eclipse.core.internal.preferences.EclipsePreferences.write(EclipsePreferences.java:279)
	at org.eclipse.core.internal.preferences.EclipsePreferences.save(EclipsePreferences.java:1076)
	at org.eclipse.core.internal.preferences.EclipsePreferences.save(EclipsePreferences.java:1052)
	at org.eclipse.core.internal.preferences.EclipsePreferences.internalFlush(EclipsePreferences.java:431)
	at org.eclipse.core.internal.preferences.EclipsePreferences.flush(EclipsePreferences.java:389)
	at com.genuitec.eclipse.webclipse.evergreen.internal.EvergreenManifestManager$ManifestUpdateJob.run(EvergreenManifestManager.java:133)
	at org.eclipse.core.internal.jobs.Worker.run(Worker.java:56)

!ENTRY com.genuitec.eclipse.webclipse.evergreen 4 0 2018-11-08 06:32:07.003
!MESSAGE Error storing last check time
!STACK 0
org.osgi.service.prefs.BackingStoreException: Exception saving preferences to: C:/Users/Anja/eclipse/java-oxygen/eclipse/configuration/.settings/com.genuitec.eclipse.webclipse.evergreen.prefs.
	at org.eclipse.core.internal.preferences.EclipsePreferences.write(EclipsePreferences.java:285)
	at org.eclipse.core.internal.preferences.EclipsePreferences.save(EclipsePreferences.java:1076)
	at org.eclipse.core.internal.preferences.EclipsePreferences.save(EclipsePreferences.java:1052)
	at org.eclipse.core.internal.preferences.EclipsePreferences.internalFlush(EclipsePreferences.java:431)
	at org.eclipse.core.internal.preferences.EclipsePreferences.flush(EclipsePreferences.java:389)
	at com.genuitec.eclipse.webclipse.evergreen.internal.EvergreenManifestManager$ManifestUpdateJob.run(EvergreenManifestManager.java:133)
	at org.eclipse.core.internal.jobs.Worker.run(Worker.java:56)
Caused by: java.io.FileNotFoundException: C:\Users\Anja\eclipse\java-oxygen\eclipse\configuration\.settings\com.genuitec.eclipse.webclipse.evergreen.prefs.bak (Der Vorgang ist bei einer Datei mit einem geffneten Bereich, der einem Benutzer zugeordnet ist, nicht anwendbar)
	at java.io.FileOutputStream.open0(Native Method)
	at java.io.FileOutputStream.open(Unknown Source)
	at java.io.FileOutputStream.<init>(Unknown Source)
	at java.io.FileOutputStream.<init>(Unknown Source)
	at org.eclipse.core.internal.preferences.SafeFileOutputStream.<init>(SafeFileOutputStream.java:54)
	at org.eclipse.core.internal.preferences.EclipsePreferences.write(EclipsePreferences.java:279)
	... 6 more
